{
  "stats": {
    "suites": 1,
    "tests": 7,
    "passes": 7,
    "pending": 0,
    "failures": 0,
    "start": "2022-02-25T11:51:52.386Z",
    "end": "2022-02-25T11:52:41.711Z",
    "duration": 49325,
    "testsRegistered": 7,
    "passPercent": 100,
    "pendingPercent": 0,
    "other": 0,
    "hasOther": false,
    "skipped": 0,
    "hasSkipped": false
  },
  "results": [
    {
      "uuid": "90d42475-44a5-4b98-bb31-9354f44654eb",
      "title": "",
      "fullFile": "",
      "file": "",
      "beforeHooks": [],
      "afterHooks": [],
      "tests": [],
      "suites": [
        {
          "uuid": "2debf211-2123-4311-9619-54a458dbf53f",
          "title": "Validate Money Trasfer",
          "fullFile": "/Users/apple/Documents/Learning_Stuff/Workspace/spenmo-api-test-/e2e/money_transfer/money_transfer.spec.js",
          "file": "/e2e/money_transfer/money_transfer.spec.js",
          "beforeHooks": [],
          "afterHooks": [],
          "tests": [
            {
              "title": "Login with Sender Credentials",
              "fullTitle": "Validate Money Trasfer Login with Sender Credentials",
              "timedOut": false,
              "duration": 617,
              "state": "passed",
              "speed": "slow",
              "pass": true,
              "fail": false,
              "pending": false,
              "context": "{\n  \"title\": \"Response\",\n  \"value\": {\n    \"payload\": {\n      \"access_token\": \"eyJ0eXAiOiJKV1QiLCJhbGciOiJSUzI1NiIsImp0aSI6IjQ1Yjc1NzM3NmY5NmRjNDk5ZTY2NWMyMzlhNGMyYjQ2MWIyNTAwN2Q0MTAzODcxYjIyNDFlMGEwZDk3NGZiYjI0YmE5ODI0OTBhNTI5NzI0In0.eyJhdWQiOiIxIiwianRpIjoiNDViNzU3Mzc2Zjk2ZGM0OTllNjY1YzIzOWE0YzJiNDYxYjI1MDA3ZDQxMDM4NzFiMjI0MWUwYTBkOTc0ZmJiMjRiYTk4MjQ5MGE1Mjk3MjQiLCJpYXQiOjE2NDU3ODk5MTMsIm5iZiI6MTY0NTc4OTkxMywiZXhwIjoxNjc3MzI1OTEzLCJzdWIiOiJmMzRlNTYwOC04NmU2LTExZWItYmQwYS0wMjQyYWMxMTAwMDMiLCJzY29wZXMiOltdfQ.lNZoDsz80Aw_xJ-3SzU1pD5LBajbvrejGEHbBJGnkweUQcoFcBkqNa1XRv77VuzyAM_Gos_nA1MTWrCktr-CkfcCmATsEPrFF3bpa6ZT10rOmg4VIBnuJ-hPNkV8nDuQQXrJ9rCF3Hj3bmOYezHWjYZ7F_DqV5PBc_bquF4rahX_5mKRBwMYzOnHFKTeZjoqdIs4fUay8O-XJHmvbUu9avEgEW4DF7SXH_rHW435WjWMc_K3FfK3sBTzk3WxSfVRKTZ_auEiVGvUUuCbjN9MzEuVnomw8rWXrfGnYhOm6Ed3y4Ci7K_lt_vBkjgwhZEVi30MJf1f2fatbLw8lUQUIywttXQY_iE1ssiaqXuO6SIau5aDqiGHs3M7pby40-3CPW6AJAxQegHpJYVcxxQZxdovXTTmSTIP3j8kyHEpXB-f4zI3an1npLiqhDqo4vuFv-Fl6nFnNA_EblZwcm8Kdgxs69UY-5bmOe6KdaaLgiJQ8cyrfmeXjJFJEFjCoYbA6gddHbgPPPbz7MmiooUBdGwJ9zuQeq7LNkI5q1WLiESGMnuMDDYez13eOALWCKJ21JjLa8JIqkgMvHJ5AhvH-uRbkLM2Z0s-jJrordRcBGD9UzjDNLPmZi6-sXwsk4vQojG-7HxD7mlYvHVfs9mp7vINfNjLxQJlRwsILGcCBcs\",\n      \"org_id\": \"f33ee556-86e6-11eb-9d9d-0242ac110003\",\n      \"user_id\": \"f34e5608-86e6-11eb-bd0a-0242ac110003\",\n      \"request_at\": \"2022-02-25T11:51:53.109948Z\",\n      \"expires_at\": \"2022-02-25 12:21:53\",\n      \"status_message\": \"token generated successfully\"\n    },\n    \"status\": 200\n  }\n}",
              "code": "const formData = {\n            \"email\": credentials.USER_1_EMAIL_ID,\n            \"password\": credentials.USER_1_PASSWORD,\n            \"device\": \"portal\"\n        }\n        const response = await request.post(config.LOGIN_URI)\n            .type('form-data')\n            .send(formData);\n        expect(response.status).to.eql(200);\n        ACESS_TOKEN_USER_1_EMAIL_ID = response.body.payload.access_token\n        console.log(\"access token found  : \" + ACESS_TOKEN_USER_1_EMAIL_ID)\n        console.log(\"response : \" + JSON.stringify(response.body))\n        addContext(this, { title: 'Response', value: response.body })",
              "err": {},
              "uuid": "f02d274b-ec84-4efa-97bf-b05cf00f4218",
              "parentUUID": "2debf211-2123-4311-9619-54a458dbf53f",
              "isHook": false,
              "skipped": false
            },
            {
              "title": "Get Sender Balance",
              "fullTitle": "Validate Money Trasfer Get Sender Balance",
              "timedOut": false,
              "duration": 1224,
              "state": "passed",
              "speed": "slow",
              "pass": true,
              "fail": false,
              "pending": false,
              "context": "{\n  \"title\": \"Response for Sender  balance \",\n  \"value\": {\n    \"payload\": {\n      \"team\": {\n        \"expenses_this_month\": 315.52,\n        \"refunds_this_month\": \"0.00\",\n        \"reversals_this_month\": \"0.00\",\n        \"lifetime_card_expense\": 0,\n        \"lifetime_refunds\": 0,\n        \"lifetime_reversals\": 0,\n        \"lifetime_cash_expense\": 0,\n        \"id\": \"f341412a-86e6-11eb-b045-0242ac110003\",\n        \"name\": \"BEL DEL\",\n        \"wallet_id\": \"f3407a56-86e6-11eb-9919-0242ac110003\",\n        \"team_type\": \"Organisation\",\n        \"wallet_amount\": \"34959.84\",\n        \"total_members\": 62,\n        \"team_members\": [\n          {\n            \"id\": \"05684c48-96d4-11eb-833f-0242ac110003\",\n            \"user_id\": \"050aae76-96d4-11eb-ad07-0242ac110003\",\n            \"team_id\": \"f341412a-86e6-11eb-b045-0242ac110003\",\n            \"role\": \"Member\",\n            \"subwallet_id\": \"0567d5d8-96d4-11eb-aff3-0242ac110003\",\n            \"user\": {\n              \"id\": \"050aae76-96d4-11eb-ad07-0242ac110003\",\n              \"name\": \"sheena  d\",\n              \"profile_photo_url\": null,\n              \"mobile_country_code\": 65,\n              \"mobile_number\": 2121215452,\n              \"email\": \"sheena@bd.com\",\n              \"is_otp_verified\": \"3\",\n              \"kyc\": null,\n              \"organisation_id\": \"f33ee556-86e6-11eb-9d9d-0242ac110003\",\n              \"id_type\": null,\n              \"zipcode\": null,\n              \"country\": null,\n              \"state\": null,\n              \"city\": null,\n              \"address_1\": null,\n              \"address_2\": null\n            },\n            \"available_balance\": \"1000.00\"\n          },\n          {\n            \"id\": \"05d92de6-2757-11ec-8812-0242ac110003\",\n            \"user_id\": \"051a678a-2757-11ec-802c-0242ac110003\",\n            \"team_id\": \"f341412a-86e6-11eb-b045-0242ac110003\",\n            \"role\": \"Member\",\n            \"subwallet_id\": \"05d8f4ca-2757-11ec-a84a-0242ac110003\",\n            \"user\": {\n              \"id\": \"051a678a-2757-11ec-802c-0242ac110003\",\n              \"name\": \"Test Automation User aYYs\",\n              \"profile_photo_url\": null,\n              \"mobile_country_code\": 65,\n              \"mobile_number\": 18071524,\n              \"email\": \"test_automation_aYYs96960@bd.com\",\n              \"is_otp_verified\": null,\n              \"kyc\": null,\n              \"organisation_id\": \"f33ee556-86e6-11eb-9d9d-0242ac110003\",\n              \"id_type\": null,\n              \"zipcode\": null,\n              \"country\": null,\n              \"state\": null,\n              \"city\": null,\n              \"address_1\": null,\n              \"address_2\": null\n            },\n            \"available_balance\": \"758.20\"\n          },\n          {\n            \"id\": \"0af7e9bc-96d8-11eb-9608-0242ac110003\",\n            \"user_id\": \"0ab0b92a-96d8-11eb-9525-0242ac110003\",\n            \"team_id\": \"f341412a-86e6-11eb-b045-0242ac110003\",\n            \"role\": \"Member\",\n            \"subwallet_id\": \"0af772d4-96d8-11eb-8867-0242ac110003\",\n            \"user\": {\n              \"id\": \"0ab0b92a-96d8-11eb-9525-0242ac110003\",\n              \"name\": \"harry p\",\n              \"profile_photo_url\": null,\n              \"mobile_country_code\": 65,\n              \"mobile_number\": 656163263,\n              \"email\": \"harry@bd.com\",\n              \"is_otp_verified\": \"3\",\n              \"kyc\": null,\n              \"organisation_id\": \"f33ee556-86e6-11eb-9d9d-0242ac110003\",\n              \"id_type\": null,\n              \"zipcode\": null,\n              \"country\": null,\n              \"state\": null,\n              \"city\": null,\n              \"address_1\": null,\n              \"address_2\": null\n            },\n            \"available_balance\": \"350.00\"\n          },\n          {\n            \"id\": \"0e3a5746-96d7-11eb-b602-0242ac110003\",\n            \"user_id\": \"0de0a642-96d7-11eb-a8fa-0242ac110003\",\n            \"team_id\": \"f341412a-86e6-11eb-b045-0242ac110003\",\n            \"role\": \"Member\",\n            \"subwallet_id\": \"0e39e13a-96d7-11eb-86d0-0242ac110003\",\n            \"user\": {\n              \"id\": \"0de0a642-96d7-11eb-a8fa-0242ac110003\",\n              \"name\": \"suman d\",\n              \"profile_photo_url\": null,\n              \"mobile_country_code\": 65,\n              \"mobile_number\": 21616515,\n              \"email\": \"suman@bd.com\",\n              \"is_otp_verified\": \"3\",\n              \"kyc\": null,\n              \"organisation_id\": \"f33ee556-86e6-11eb-9d9d-0242ac110003\",\n              \"id_type\": null,\n              \"zipcode\": null,\n              \"country\": null,\n              \"state\": null,\n              \"city\": null,\n              \"address_1\": null,\n              \"address_2\": null\n            },\n            \"available_balance\": \"10.00\"\n          },\n          {\n            \"id\": \"1cee8e2e-8def-11eb-b6e2-0242ac110003\",\n            \"user_id\": \"1c9f8914-8def-11eb-902e-0242ac110003\",\n            \"team_id\": \"f341412a-86e6-11eb-b045-0242ac110003\",\n            \"role\": \"Member\",\n            \"subwallet_id\": \"1cee15a2-8def-11eb-9a91-0242ac110003\",\n            \"user\": {\n              \"id\": \"1c9f8914-8def-11eb-902e-0242ac110003\",\n              \"name\": \"New  KYC\",\n              \"profile_photo_url\": null,\n              \"mobile_country_code\": 65,\n              \"mobile_number\": 54854800,\n              \"email\": \"nk@bd.com\",\n              \"is_otp_verified\": \"1\",\n              \"kyc\": null,\n              \"organisation_id\": \"f33ee556-86e6-11eb-9d9d-0242ac110003\",\n              \"id_type\": \"epfin\",\n              \"zipcode\": \"7902892\",\n              \"country\": \"Singapore\",\n              \"state\": \"Singapore\",\n              \"city\": \"Heisi Heidi\",\n              \"address_1\": \"uuu jjj\",\n              \"address_2\": \"ghi\"\n            },\n            \"available_balance\": \"56.00\"\n          },\n          {\n            \"id\": \"2124248c-26cd-11ec-a5c4-0242ac110003\",\n            \"user_id\": \"208458a8-26cd-11ec-8c3b-0242ac110003\",\n            \"team_id\": \"f341412a-86e6-11eb-b045-0242ac110003\",\n            \"role\": \"Member\",\n            \"subwallet_id\": \"2114f372-26cd-11ec-b9f1-0242ac110003\",\n            \"user\": {\n              \"id\": \"208458a8-26cd-11ec-8c3b-0242ac110003\",\n              \"name\": \"Test Automation User jQiI\",\n              \"profile_photo_url\": null,\n              \"mobile_country_code\": 65,\n              \"mobile_number\": 18074209,\n              \"email\": \"test_automation_jQiI25699@bd.com\",\n              \"is_otp_verified\": null,\n              \"kyc\": null,\n              \"organisation_id\": \"f33ee556-86e6-11eb-9d9d-0242ac110003\",\n              \"id_type\": null,\n              \"zipcode\": null,\n              \"country\": null,\n              \"state\": null,\n              \"city\": null,\n              \"address_1\": null,\n              \"address_2\": null\n            },\n            \"available_balance\": \"0.00\"\n          },\n          {\n            \"id\": \"243ef37e-26cb-11ec-8e02-0242ac110003\",\n            \"user_id\": \"2402de02-26cb-11ec-9538-0242ac110003\",\n            \"team_id\": \"f341412a-86e6-11eb-b045-0242ac110003\",\n            \"role\": \"Member\",\n            \"subwallet_id\": \"243e741c-26cb-11ec-97b4-0242ac110003\",\n            \"user\": {\n              \"id\": \"2402de02-26cb-11ec-9538-0242ac110003\",\n              \"name\": \"Test Automation User fanR\",\n              \"profile_photo_url\": null,\n              \"mobile_country_code\": 65,\n              \"mobile_number\": 18077746,\n              \"email\": \"test_automation_fanR42449@bd.com\",\n              \"is_otp_verified\": null,\n              \"kyc\": null,\n              \"organisation_id\": \"f33ee556-86e6-11eb-9d9d-0242ac110003\",\n              \"id_type\": null,\n              \"zipcode\": null,\n              \"country\": null,\n              \"state\": null,\n              \"city\": null,\n              \"address_1\": null,\n              \"address_2\": null\n            },\n            \"available_balance\": \"10.00\"\n          },\n          {\n            \"id\": \"24a93b9c-88b2-11eb-a020-0242ac110003\",\n            \"user_id\": \"245279ec-88b2-11eb-8d45-0242ac110003\",\n            \"team_id\": \"f341412a-86e6-11eb-b045-0242ac110003\",\n            \"role\": \"Member\",\n            \"subwallet_id\": \"24a8c8f6-88b2-11eb-9c9b-0242ac110003\",\n            \"user\": {\n              \"id\": \"245279ec-88b2-11eb-8d45-0242ac110003\",\n              \"name\": \"pqr M\",\n              \"profile_photo_url\": null,\n              \"mobile_country_code\": 65,\n              \"mobile_number\": 2547896548,\n              \"email\": \"pqr@bd.com\",\n              \"is_otp_verified\": \"1\",\n              \"kyc\": \"1\",\n              \"organisation_id\": \"f33ee556-86e6-11eb-9d9d-0242ac110003\",\n              \"id_type\": \"nric\",\n              \"zipcode\": \"4583015\",\n              \"country\": \"Singapore\",\n              \"state\": \"Singapore\",\n              \"city\": \"Singapore\",\n              \"address_1\": \"check address1 for nric t\",\n              \"address_2\": \"check address2 for nric t\"\n            },\n            \"available_balance\": \"0.00\"\n          },\n          {\n            \"id\": \"26b49984-2742-11ec-bcd9-0242ac110003\",\n            \"user_id\": \"263dcade-2742-11ec-8d94-0242ac110003\",\n            \"team_id\": \"f341412a-86e6-11eb-b045-0242ac110003\",\n            \"role\": \"Member\",\n            \"subwallet_id\": \"26b4096a-2742-11ec-ac03-0242ac110003\",\n            \"user\": {\n              \"id\": \"263dcade-2742-11ec-8d94-0242ac110003\",\n              \"name\": \"Test Automation User nuMU\",\n              \"profile_photo_url\": null,\n              \"mobile_country_code\": 65,\n              \"mobile_number\": 18075157,\n              \"email\": \"test_automation_nuMU331723@bd.com\",\n              \"is_otp_verified\": null,\n              \"kyc\": null,\n              \"organisation_id\": \"f33ee556-86e6-11eb-9d9d-0242ac110003\",\n              \"id_type\": null,\n              \"zipcode\": null,\n              \"country\": null,\n              \"state\": null,\n              \"city\": null,\n              \"address_1\": null,\n              \"address_2\": null\n            },\n            \"available_balance\": \"120.80\"\n          },\n          {\n            \"id\": \"2b5b95a0-9782-11eb-bbd5-0242ac110003\",\n            \"user_id\": \"2b0de4f4-9782-11eb-83be-0242ac110003\",\n            \"team_id\": \"f341412a-86e6-11eb-b045-0242ac110003\",\n            \"role\": \"Member\",\n            \"subwallet_id\": \"2b5b1f94-9782-11eb-963c-0242ac110003\",\n            \"user\": {\n              \"id\": \"2b0de4f4-9782-11eb-83be-0242ac110003\",\n              \"name\": \"amrita f\",\n              \"profile_photo_url\": null,\n              \"mobile_country_code\": 65,\n              \"mobile_number\": 21254589,\n              \"email\": \"amrita@bd.com\",\n              \"is_otp_verified\": \"1\",\n              \"kyc\": null,\n              \"organisation_id\": \"f33ee556-86e6-11eb-9d9d-0242ac110003\",\n              \"id_type\": \"spass\",\n              \"zipcode\": \"727272\",\n              \"country\": \"Singapore\",\n              \"state\": \"Singapore\",\n              \"city\": \"Singapore\",\n              \"address_1\": \"Hahaha\",\n              \"address_2\": \"Hsjsjs727228\"\n            },\n            \"available_balance\": \"0.00\"\n          },\n          {\n            \"id\": \"2c8fd93c-9781-11eb-817a-0242ac110003\",\n            \"user_id\": \"2c3d1512-9781-11eb-b049-0242ac110003\",\n            \"team_id\": \"f341412a-86e6-11eb-b045-0242ac110003\",\n            \"role\": \"Member\",\n            \"subwallet_id\": \"2c8f0250-9781-11eb-907a-0242ac110003\",\n            \"user\": {\n              \"id\": \"2c3d1512-9781-11eb-b049-0242ac110003\",\n              \"name\": \"oscar w\",\n              \"profile_photo_url\": null,\n              \"mobile_country_code\": 65,\n              \"mobile_number\": 1245256,\n              \"email\": \"oscar@bd.com\",\n              \"is_otp_verified\": \"3\",\n              \"kyc\": null,\n              \"organisation_id\": \"f33ee556-86e6-11eb-9d9d-0242ac110003\",\n              \"id_type\": null,\n              \"zipcode\": null,\n              \"country\": null,\n              \"state\": null,\n              \"city\": null,\n              \"address_1\": null,\n              \"address_2\": null\n            },\n            \"available_balance\": \"951.00\"\n          },\n          {\n            \"id\": \"2d7918e8-96d4-11eb-a734-0242ac110003\",\n            \"user_id\": \"2d23c01e-96d4-11eb-8d6f-0242ac110003\",\n            \"team_id\": \"f341412a-86e6-11eb-b045-0242ac110003\",\n            \"role\": \"Member\",\n            \"subwallet_id\": \"2d789fbc-96d4-11eb-8b53-0242ac110003\",\n            \"user\": {\n              \"id\": \"2d23c01e-96d4-11eb-8d6f-0242ac110003\",\n              \"name\": \"testuser f\",\n              \"profile_photo_url\": null,\n              \"mobile_country_code\": 65,\n              \"mobile_number\": 21354896,\n              \"email\": \"testuser@bd.com\",\n              \"is_otp_verified\": \"3\",\n              \"kyc\": null,\n              \"organisation_id\": \"f33ee556-86e6-11eb-9d9d-0242ac110003\",\n              \"id_type\": null,\n              \"zipcode\": null,\n              \"country\": null,\n              \"state\": null,\n              \"city\": null,\n              \"address_1\": null,\n              \"address_2\": null\n            },\n            \"available_balance\": \"0.00\"\n          },\n          {\n            \"id\": \"2ee5b50c-26ca-11ec-b252-0242ac110003\",\n            \"user_id\": \"2e913d38-26ca-11ec-8d60-0242ac110003\",\n            \"team_id\": \"f341412a-86e6-11eb-b045-0242ac110003\",\n            \"role\": \"Member\",\n            \"subwallet_id\": \"2ee5766e-26ca-11ec-8215-0242ac110003\",\n            \"user\": {\n              \"id\": \"2e913d38-26ca-11ec-8d60-0242ac110003\",\n              \"name\": \"Test Automation User DhDw\",\n              \"profile_photo_url\": null,\n              \"mobile_country_code\": 65,\n              \"mobile_number\": 18076234,\n              \"email\": \"test_automation_DhDw103584@bd.com\",\n              \"is_otp_verified\": null,\n              \"kyc\": null,\n              \"organisation_id\": \"f33ee556-86e6-11eb-9d9d-0242ac110003\",\n              \"id_type\": null,\n              \"zipcode\": null,\n              \"country\": null,\n              \"state\": null,\n              \"city\": null,\n              \"address_1\": null,\n              \"address_2\": null\n            },\n            \"available_balance\": \"10.00\"\n          },\n          {\n            \"id\": \"32adc26c-5daa-11ec-b429-0242ac110003\",\n            \"user_id\": \"c445a0ab-2d1a-48fd-a7d2-515e340c3813\",\n            \"team_id\": \"f341412a-86e6-11eb-b045-0242ac110003\",\n            \"role\": \"Member\",\n            \"subwallet_id\": \"32ad8d24-5daa-11ec-9534-0242ac110003\",\n            \"user\": {\n              \"id\": \"c445a0ab-2d1a-48fd-a7d2-515e340c3813\",\n              \"name\": \"Test Automation User mssH\",\n              \"profile_photo_url\": null,\n              \"mobile_country_code\": 65,\n              \"mobile_number\": 18072781,\n              \"email\": \"test_automation_mssH193650@bd.com\",\n              \"is_otp_verified\": null,\n              \"kyc\": null,\n              \"organisation_id\": \"f33ee556-86e6-11eb-9d9d-0242ac110003\",\n              \"id_type\": null,\n              \"zipcode\": null,\n              \"country\": null,\n              \"state\": null,\n              \"city\": null,\n              \"address_1\": null,\n              \"address_2\": null\n            },\n            \"available_balance\": \"0.00\"\n          },\n          {\n            \"id\": \"3537be32-4155-11ec-8da6-0242ac110003\",\n            \"user_id\": \"e2c84111-afe1-401c-b281-3bed10197491\",\n            \"team_id\": \"f341412a-86e6-11eb-b045-0242ac110003\",\n            \"role\": \"Member\",\n            \"subwallet_id\": \"35378ad4-4155-11ec-b7fc-0242ac110003\",\n            \"user\": {\n              \"id\": \"e2c84111-afe1-401c-b281-3bed10197491\",\n              \"name\": \"Test Automation User UYQu\",\n              \"profile_photo_url\": null,\n              \"mobile_country_code\": 65,\n              \"mobile_number\": 18072391,\n              \"email\": \"test_automation_UYQu12455@bd.com\",\n              \"is_otp_verified\": null,\n              \"kyc\": null,\n              \"organisation_id\": \"f33ee556-86e6-11eb-9d9d-0242ac110003\",\n              \"id_type\": null,\n              \"zipcode\": null,\n              \"country\": null,\n              \"state\": null,\n              \"city\": null,\n              \"address_1\": null,\n              \"address_2\": null\n            },\n            \"available_balance\": \"0.00\"\n          },\n          {\n            \"id\": \"36da2f48-26cc-11ec-be4d-0242ac110003\",\n            \"user_id\": \"369df37a-26cc-11ec-afb9-0242ac110003\",\n            \"team_id\": \"f341412a-86e6-11eb-b045-0242ac110003\",\n            \"role\": \"Member\",\n            \"subwallet_id\": \"36d9c314-26cc-11ec-8363-0242ac110003\",\n            \"user\": {\n              \"id\": \"369df37a-26cc-11ec-afb9-0242ac110003\",\n              \"name\": \"Test Automation User qQdY\",\n              \"profile_photo_url\": null,\n              \"mobile_country_code\": 65,\n              \"mobile_number\": 18079258,\n              \"email\": \"test_automation_qQdY358892@bd.com\",\n              \"is_otp_verified\": null,\n              \"kyc\": null,\n              \"organisation_id\": \"f33ee556-86e6-11eb-9d9d-0242ac110003\",\n              \"id_type\": null,\n              \"zipcode\": null,\n              \"country\": null,\n              \"state\": null,\n              \"city\": null,\n              \"address_1\": null,\n              \"address_2\": null\n            },\n            \"available_balance\": \"10.00\"\n          },\n          {\n            \"id\": \"3b3ccf60-4bb5-11ec-89fa-0242ac110003\",\n            \"user_id\": \"0185cb2a-60d4-4862-8ca9-a9e4d796287d\",\n            \"team_id\": \"f341412a-86e6-11eb-b045-0242ac110003\",\n            \"role\": \"Member\",\n            \"subwallet_id\": \"3b3c9298-4bb5-11ec-95dc-0242ac110003\",\n            \"user\": {\n              \"id\": \"0185cb2a-60d4-4862-8ca9-a9e4d796287d\",\n              \"name\": \"check psw\",\n              \"profile_photo_url\": null,\n              \"mobile_country_code\": 65,\n              \"mobile_number\": 33233209,\n              \"email\": \"checkpsw@bd.com\",\n              \"is_otp_verified\": null,\n              \"kyc\": null,\n              \"organisation_id\": \"f33ee556-86e6-11eb-9d9d-0242ac110003\",\n              \"id_type\": null,\n              \"zipcode\": null,\n              \"country\": null,\n              \"state\": null,\n              \"city\": null,\n              \"address_1\": null,\n              \"address_2\": null\n            },\n            \"available_balance\": \"0.00\"\n          },\n          {\n            \"id\": \"40914c42-9531-11eb-8594-0242ac110003\",\n            \"user_id\": \"404b2db6-9531-11eb-b173-0242ac110003\",\n            \"team_id\": \"f341412a-86e6-11eb-b045-0242ac110003\",\n            \"role\": \"Member\",\n            \"subwallet_id\": \"4090db7c-9531-11eb-a8fd-0242ac110003\",\n            \"user\": {\n              \"id\": \"404b2db6-9531-11eb-b173-0242ac110003\",\n              \"name\": \"rahul l k\",\n              \"profile_photo_url\": null,\n              \"mobile_country_code\": 65,\n              \"mobile_number\": 111111111,\n              \"email\": \"rahul@bd.com\",\n              \"is_otp_verified\": \"3\",\n              \"kyc\": null,\n              \"organisation_id\": \"f33ee556-86e6-11eb-9d9d-0242ac110003\",\n              \"id_type\": null,\n              \"zipcode\": null,\n              \"country\": null,\n              \"state\": null,\n              \"city\": null,\n              \"address_1\": null,\n              \"address_2\": null\n            },\n            \"available_balance\": \"0.00\"\n          },\n          {\n            \"id\": \"4c3e9282-96d7-11eb-97d6-0242ac110003\",\n            \"user_id\": \"4bd5eea8-96d7-11eb-b13a-0242ac110003\",\n            \"team_id\": \"f341412a-86e6-11eb-b045-0242ac110003\",\n            \"role\": \"Member\",\n            \"subwallet_id\": \"4c3e1e38-96d7-11eb-9b4c-0242ac110003\",\n            \"user\": {\n              \"id\": \"4bd5eea8-96d7-11eb-b13a-0242ac110003\",\n              \"name\": \"mini f\",\n              \"profile_photo_url\": null,\n              \"mobile_country_code\": 65,\n              \"mobile_number\": 212145245,\n              \"email\": \"mini@bd.com\",\n              \"is_otp_verified\": \"3\",\n              \"kyc\": null,\n              \"organisation_id\": \"f33ee556-86e6-11eb-9d9d-0242ac110003\",\n              \"id_type\": null,\n              \"zipcode\": null,\n              \"country\": null,\n              \"state\": null,\n              \"city\": null,\n              \"address_1\": null,\n              \"address_2\": null\n            },\n            \"available_balance\": \"0.00\"\n          },\n          {\n            \"id\": \"4cbb60ca-26ea-11ec-951f-0242ac110003\",\n            \"user_id\": \"4c77e3ae-26ea-11ec-a419-0242ac110003\",\n            \"team_id\": \"f341412a-86e6-11eb-b045-0242ac110003\",\n            \"role\": \"Member\",\n            \"subwallet_id\": \"4cbb2df8-26ea-11ec-95f7-0242ac110003\",\n            \"user\": {\n              \"id\": \"4c77e3ae-26ea-11ec-a419-0242ac110003\",\n              \"name\": \"Test Automation User guLU\",\n              \"profile_photo_url\": null,\n              \"mobile_country_code\": 65,\n              \"mobile_number\": 18079420,\n              \"email\": \"test_automation_guLU286042@bd.com\",\n              \"is_otp_verified\": null,\n              \"kyc\": null,\n              \"organisation_id\": \"f33ee556-86e6-11eb-9d9d-0242ac110003\",\n              \"id_type\": null,\n              \"zipcode\": null,\n              \"country\": null,\n              \"state\": null,\n              \"city\": null,\n              \"address_1\": null,\n              \"address_2\": null\n            },\n            \"available_balance\": \"10.00\"\n          },\n          {\n            \"id\": \"4ec0fe88-88b2-11eb-863a-0242ac110003\",\n            \"user_id\": \"4e5328fe-88b2-11eb-bae9-0242ac110003\",\n            \"team_id\": \"f341412a-86e6-11eb-b045-0242ac110003\",\n            \"role\": \"Member\",\n            \"subwallet_id\": \"4ec08908-88b2-11eb-8f82-0242ac110003\",\n            \"user\": {\n              \"id\": \"4e5328fe-88b2-11eb-bae9-0242ac110003\",\n              \"name\": \"lmn M\",\n              \"profile_photo_url\": null,\n              \"mobile_country_code\": 65,\n              \"mobile_number\": 12547888,\n              \"email\": \"lmn@bd.com\",\n              \"is_otp_verified\": \"1\",\n              \"kyc\": \"1\",\n              \"organisation_id\": \"f33ee556-86e6-11eb-9d9d-0242ac110003\",\n              \"id_type\": \"passport\",\n              \"zipcode\": \"45965125\",\n              \"country\": \"Singapore\",\n              \"state\": \"Singapore\",\n              \"city\": \"Singapore\",\n              \"address_1\": \"check address1 for passpo\",\n              \"address_2\": \"check address2 for passpo\"\n            },\n            \"available_balance\": \"0.00\"\n          },\n          {\n            \"id\": \"55d60680-88a5-11eb-8e7a-0242ac110003\",\n            \"user_id\": \"55702fb8-88a5-11eb-83bc-0242ac110003\",\n            \"team_id\": \"f341412a-86e6-11eb-b045-0242ac110003\",\n            \"role\": \"Member\",\n            \"subwallet_id\": \"55d58e30-88a5-11eb-9863-0242ac110003\",\n            \"user\": {\n              \"id\": \"55702fb8-88a5-11eb-83bc-0242ac110003\",\n              \"name\": \"George Costanza\",\n              \"profile_photo_url\": null,\n              \"mobile_country_code\": 65,\n              \"mobile_number\": 34543500,\n              \"email\": \"george@bd.com\",\n              \"is_otp_verified\": \"1\",\n              \"kyc\": null,\n              \"organisation_id\": \"f33ee556-86e6-11eb-9d9d-0242ac110003\",\n              \"id_type\": \"wp\",\n              \"zipcode\": \"700000\",\n              \"country\": \"Vietnam\",\n              \"state\": \"Ho chi minh\",\n              \"city\": \"Ho chi Minh city\",\n              \"address_1\": \"abcdefghijklmnopqrstuvwxy\",\n              \"address_2\": \"abcdefghijklmnopqrstuvwxy\"\n            },\n            \"available_balance\": \"0.00\"\n          },\n          {\n            \"id\": \"5c4164a2-9781-11eb-80ef-0242ac110003\",\n            \"user_id\": \"5bfb9940-9781-11eb-a73b-0242ac110003\",\n            \"team_id\": \"f341412a-86e6-11eb-b045-0242ac110003\",\n            \"role\": \"Member\",\n            \"subwallet_id\": \"5c40eafe-9781-11eb-b1a8-0242ac110003\",\n            \"user\": {\n              \"id\": \"5bfb9940-9781-11eb-a73b-0242ac110003\",\n              \"name\": \"raj T\",\n              \"profile_photo_url\": null,\n              \"mobile_country_code\": 65,\n              \"mobile_number\": 21012546,\n              \"email\": \"raj@bd.com\",\n              \"is_otp_verified\": \"3\",\n              \"kyc\": null,\n              \"organisation_id\": \"f33ee556-86e6-11eb-9d9d-0242ac110003\",\n              \"id_type\": null,\n              \"zipcode\": null,\n              \"country\": null,\n              \"state\": null,\n              \"city\": null,\n              \"address_1\": null,\n              \"address_2\": null\n            },\n            \"available_balance\": \"0.00\"\n          },\n          {\n            \"id\": \"5c73d3be-9782-11eb-8f8a-0242ac110003\",\n            \"user_id\": \"5c202ade-9782-11eb-917c-0242ac110003\",\n            \"team_id\": \"f341412a-86e6-11eb-b045-0242ac110003\",\n            \"role\": \"Member\",\n            \"subwallet_id\": \"5c735d4e-9782-11eb-9275-0242ac110003\",\n            \"user\": {\n              \"id\": \"5c202ade-9782-11eb-917c-0242ac110003\",\n              \"name\": \"aashu qwerty k\",\n              \"profile_photo_url\": null,\n              \"mobile_country_code\": 65,\n              \"mobile_number\": 21456335,\n              \"email\": \"aashu@b1d.com\",\n              \"is_otp_verified\": \"3\",\n              \"kyc\": null,\n              \"organisation_id\": \"f33ee556-86e6-11eb-9d9d-0242ac110003\",\n              \"id_type\": null,\n              \"zipcode\": \"93646423\",\n              \"country\": \"Singapore\",\n              \"state\": \"trding\",\n              \"city\": \"trsting\",\n              \"address_1\": \"Baker Street\",\n              \"address_2\": \"street\"\n            },\n            \"available_balance\": \"17.00\"\n          },\n          {\n            \"id\": \"5c9773d4-26eb-11ec-978d-0242ac110003\",\n            \"user_id\": \"5c30d336-26eb-11ec-b58e-0242ac110003\",\n            \"team_id\": \"f341412a-86e6-11eb-b045-0242ac110003\",\n            \"role\": \"Member\",\n            \"subwallet_id\": \"5c97390a-26eb-11ec-9dd3-0242ac110003\",\n            \"user\": {\n              \"id\": \"5c30d336-26eb-11ec-b58e-0242ac110003\",\n              \"name\": \"Test Automation User Iiqx\",\n              \"profile_photo_url\": null,\n              \"mobile_country_code\": 65,\n              \"mobile_number\": 18072816,\n              \"email\": \"test_automation_Iiqx439551@bd.com\",\n              \"is_otp_verified\": null,\n              \"kyc\": null,\n              \"organisation_id\": \"f33ee556-86e6-11eb-9d9d-0242ac110003\",\n              \"id_type\": null,\n              \"zipcode\": null,\n              \"country\": null,\n              \"state\": null,\n              \"city\": null,\n              \"address_1\": null,\n              \"address_2\": null\n            },\n            \"available_balance\": \"14.00\"\n          },\n          {\n            \"id\": \"613d64e4-9531-11eb-8571-0242ac110003\",\n            \"user_id\": \"60f3a5a2-9531-11eb-bbc7-0242ac110003\",\n            \"team_id\": \"f341412a-86e6-11eb-b045-0242ac110003\",\n            \"role\": \"Member\",\n            \"subwallet_id\": \"613cf004-9531-11eb-843b-0242ac110003\",\n            \"user\": {\n              \"id\": \"60f3a5a2-9531-11eb-bbc7-0242ac110003\",\n              \"name\": \"rohit M\",\n              \"profile_photo_url\": null,\n              \"mobile_country_code\": 65,\n              \"mobile_number\": 214125452,\n              \"email\": \"rohit@bd.com\",\n              \"is_otp_verified\": \"3\",\n              \"kyc\": null,\n              \"organisation_id\": \"f33ee556-86e6-11eb-9d9d-0242ac110003\",\n              \"id_type\": null,\n              \"zipcode\": null,\n              \"country\": null,\n              \"state\": null,\n              \"city\": null,\n              \"address_1\": null,\n              \"address_2\": null\n            },\n            \"available_balance\": \"1.00\"\n          },\n          {\n            \"id\": \"61443d76-40a0-11ec-ac01-0242ac110004\",\n            \"user_id\": \"0a4ac23e-33be-42f9-b9e9-f3bf06ed2199\",\n            \"team_id\": \"f341412a-86e6-11eb-b045-0242ac110003\",\n            \"role\": \"Member\",\n            \"subwallet_id\": \"614407d4-40a0-11ec-91a3-0242ac110004\",\n            \"user\": {\n              \"id\": \"0a4ac23e-33be-42f9-b9e9-f3bf06ed2199\",\n              \"name\": \"Test Automation User CPKh\",\n              \"profile_photo_url\": null,\n              \"mobile_country_code\": 65,\n              \"mobile_number\": 18079919,\n              \"email\": \"test_automation_CPKh114209@bd.com\",\n              \"is_otp_verified\": null,\n              \"kyc\": null,\n              \"organisation_id\": \"f33ee556-86e6-11eb-9d9d-0242ac110003\",\n              \"id_type\": null,\n              \"zipcode\": null,\n              \"country\": null,\n              \"state\": null,\n              \"city\": null,\n              \"address_1\": null,\n              \"address_2\": null\n            },\n            \"available_balance\": \"10.00\"\n          },\n          {\n            \"id\": \"6bdb13e6-26dc-11ec-b46e-0242ac110003\",\n            \"user_id\": \"6b8e9700-26dc-11ec-b2f5-0242ac110003\",\n            \"team_id\": \"f341412a-86e6-11eb-b045-0242ac110003\",\n            \"role\": \"Member\",\n            \"subwallet_id\": \"6bdad4e4-26dc-11ec-bffa-0242ac110003\",\n            \"user\": {\n              \"id\": \"6b8e9700-26dc-11ec-b2f5-0242ac110003\",\n              \"name\": \"Test Automation User OZnB\",\n              \"profile_photo_url\": null,\n              \"mobile_country_code\": 65,\n              \"mobile_number\": 18075367,\n              \"email\": \"test_automation_OZnB320015@bd.com\",\n              \"is_otp_verified\": \"1\",\n              \"kyc\": null,\n              \"organisation_id\": \"f33ee556-86e6-11eb-9d9d-0242ac110003\",\n              \"id_type\": null,\n              \"zipcode\": null,\n              \"country\": null,\n              \"state\": null,\n              \"city\": null,\n              \"address_1\": null,\n              \"address_2\": null\n            },\n            \"available_balance\": \"11.00\"\n          },\n          {\n            \"id\": \"6ec4811a-88b1-11eb-bffc-0242ac110003\",\n            \"user_id\": \"6e5e53b8-88b1-11eb-92c7-0242ac110003\",\n            \"team_id\": \"f341412a-86e6-11eb-b045-0242ac110003\",\n            \"role\": \"Member\",\n            \"subwallet_id\": \"6ec40aaa-88b1-11eb-9b3c-0242ac110003\",\n            \"user\": {\n              \"id\": \"6e5e53b8-88b1-11eb-92c7-0242ac110003\",\n              \"name\": \"abc g\",\n              \"profile_photo_url\": null,\n              \"mobile_country_code\": 65,\n              \"mobile_number\": 21345687,\n              \"email\": \"abc@bd.com\",\n              \"is_otp_verified\": \"1\",\n              \"kyc\": \"1\",\n              \"organisation_id\": \"f33ee556-86e6-11eb-9d9d-0242ac110003\",\n              \"id_type\": \"spass\",\n              \"zipcode\": \"2356253622\",\n              \"country\": \"Singapore\",\n              \"state\": \"Singapore\",\n              \"city\": \"Singapore\",\n              \"address_1\": \"check address1 for spasss\",\n              \"address_2\": \"check address2 for spasss\"\n            },\n            \"available_balance\": \"0.00\"\n          },\n          {\n            \"id\": \"7112e7e2-8fa2-11ec-afff-0a58a9feac02\",\n            \"user_id\": \"7e280ee2-2c0e-41e6-b532-617dfb0becea\",\n            \"team_id\": \"f341412a-86e6-11eb-b045-0242ac110003\",\n            \"role\": \"Member\",\n            \"subwallet_id\": \"71128554-8fa2-11ec-9a4d-0a58a9feac02\",\n            \"user\": {\n              \"id\": \"7e280ee2-2c0e-41e6-b532-617dfb0becea\",\n              \"name\": \"Senthil Velusamy\",\n              \"profile_photo_url\": null,\n              \"mobile_country_code\": 65,\n              \"mobile_number\": 12345667,\n              \"email\": \"v.senthilraja6@gmail.com\",\n              \"is_otp_verified\": null,\n              \"kyc\": null,\n              \"organisation_id\": \"f33ee556-86e6-11eb-9d9d-0242ac110003\",\n              \"id_type\": null,\n              \"zipcode\": null,\n              \"country\": null,\n              \"state\": null,\n              \"city\": null,\n              \"address_1\": null,\n              \"address_2\": null\n            },\n            \"available_balance\": \"0.00\"\n          },\n          {\n            \"id\": \"777dfe3c-81b5-11ec-9d6b-028c4a246ab2\",\n            \"user_id\": \"fd0774da-1542-4003-8f0e-26d1f01eb97a\",\n            \"team_id\": \"f341412a-86e6-11eb-b045-0242ac110003\",\n            \"role\": \"Member\",\n            \"subwallet_id\": \"777d9762-81b5-11ec-a6dd-028c4a246ab2\",\n            \"user\": {\n              \"id\": \"fd0774da-1542-4003-8f0e-26d1f01eb97a\",\n              \"name\": \"Greta M\",\n              \"profile_photo_url\": null,\n              \"mobile_country_code\": 65,\n              \"mobile_number\": 122776636,\n              \"email\": \"greta@bd.com\",\n              \"is_otp_verified\": null,\n              \"kyc\": null,\n              \"organisation_id\": \"f33ee556-86e6-11eb-9d9d-0242ac110003\",\n              \"id_type\": null,\n              \"zipcode\": null,\n              \"country\": null,\n              \"state\": null,\n              \"city\": null,\n              \"address_1\": null,\n              \"address_2\": null\n            },\n            \"available_balance\": \"0.00\"\n          },\n          {\n            \"id\": \"7bc67494-2754-11ec-91ba-0242ac110003\",\n            \"user_id\": \"7b6effd4-2754-11ec-b369-0242ac110003\",\n            \"team_id\": \"f341412a-86e6-11eb-b045-0242ac110003\",\n            \"role\": \"Member\",\n            \"subwallet_id\": \"7bc63ca4-2754-11ec-830a-0242ac110003\",\n            \"user\": {\n              \"id\": \"7b6effd4-2754-11ec-b369-0242ac110003\",\n              \"name\": \"Test Automation User IbVV\",\n              \"profile_photo_url\": null,\n              \"mobile_country_code\": 65,\n              \"mobile_number\": 18076051,\n              \"email\": \"test_automation_IbVV289655@bd.com\",\n              \"is_otp_verified\": null,\n              \"kyc\": null,\n              \"organisation_id\": \"f33ee556-86e6-11eb-9d9d-0242ac110003\",\n              \"id_type\": null,\n              \"zipcode\": null,\n              \"country\": null,\n              \"state\": null,\n              \"city\": null,\n              \"address_1\": null,\n              \"address_2\": null\n            },\n            \"available_balance\": \"73.00\"\n          },\n          {\n            \"id\": \"7cfd3756-86f7-11eb-8371-0242ac110003\",\n            \"user_id\": \"7ca798d2-86f7-11eb-8a45-0242ac110003\",\n            \"team_id\": \"f341412a-86e6-11eb-b045-0242ac110003\",\n            \"role\": \"Member\",\n            \"subwallet_id\": \"7cfcbf92-86f7-11eb-a4bc-0242ac110003\",\n            \"user\": {\n              \"id\": \"7ca798d2-86f7-11eb-8a45-0242ac110003\",\n              \"name\": \"Kashmere K\",\n              \"profile_photo_url\": null,\n              \"mobile_country_code\": 65,\n              \"mobile_number\": 54981200,\n              \"email\": \"kashmere@bd.com\",\n              \"is_otp_verified\": \"1\",\n              \"kyc\": \"1\",\n              \"organisation_id\": \"f33ee556-86e6-11eb-9d9d-0242ac110003\",\n              \"id_type\": \"spass\",\n              \"zipcode\": \"773778\",\n              \"country\": \"Singapore\",\n              \"state\": \"Singapore\",\n              \"city\": \"Singapore\",\n              \"address_1\": \"He jussi usi\",\n              \"address_2\": \"Hi uuu\"\n            },\n            \"available_balance\": \"12.00\"\n          },\n          {\n            \"id\": \"805e52ce-5daa-11ec-9019-0242ac110003\",\n            \"user_id\": \"57388e08-12f1-4f8b-bee6-9a67c8256901\",\n            \"team_id\": \"f341412a-86e6-11eb-b045-0242ac110003\",\n            \"role\": \"Member\",\n            \"subwallet_id\": \"805e1e08-5daa-11ec-8128-0242ac110003\",\n            \"user\": {\n              \"id\": \"57388e08-12f1-4f8b-bee6-9a67c8256901\",\n              \"name\": \"Test Automation User jMFj\",\n              \"profile_photo_url\": null,\n              \"mobile_country_code\": 65,\n              \"mobile_number\": 18073363,\n              \"email\": \"test_automation_jMFj419711@bd.com\",\n              \"is_otp_verified\": null,\n              \"kyc\": null,\n              \"organisation_id\": \"f33ee556-86e6-11eb-9d9d-0242ac110003\",\n              \"id_type\": null,\n              \"zipcode\": null,\n              \"country\": null,\n              \"state\": null,\n              \"city\": null,\n              \"address_1\": null,\n              \"address_2\": null\n            },\n            \"available_balance\": \"10.00\"\n          },\n          {\n            \"id\": \"8441a3ee-96d3-11eb-8e10-0242ac110003\",\n            \"user_id\": \"83e23396-96d3-11eb-8239-0242ac110003\",\n            \"team_id\": \"f341412a-86e6-11eb-b045-0242ac110003\",\n            \"role\": \"Member\",\n            \"subwallet_id\": \"84412310-96d3-11eb-a699-0242ac110003\",\n            \"user\": {\n              \"id\": \"83e23396-96d3-11eb-8239-0242ac110003\",\n              \"name\": \"am qewqrqweqw g\",\n              \"profile_photo_url\": null,\n              \"mobile_country_code\": 65,\n              \"mobile_number\": 25134568,\n              \"email\": \"am@bd.com\",\n              \"is_otp_verified\": \"1\",\n              \"kyc\": null,\n              \"organisation_id\": \"f33ee556-86e6-11eb-9d9d-0242ac110003\",\n              \"id_type\": \"wp\",\n              \"zipcode\": \"563334\",\n              \"country\": \"India\",\n              \"state\": \"Up\",\n              \"city\": \"Aligarh\",\n              \"address_1\": \"Yes hun rt\",\n              \"address_2\": \"#33 tryhj\"\n            },\n            \"available_balance\": \"0.00\"\n          },\n          {\n            \"id\": \"867e6cd0-9531-11eb-8449-0242ac110003\",\n            \"user_id\": \"86312f60-9531-11eb-b291-0242ac110003\",\n            \"team_id\": \"f341412a-86e6-11eb-b045-0242ac110003\",\n            \"role\": \"Member\",\n            \"subwallet_id\": \"867de8b4-9531-11eb-b004-0242ac110003\",\n            \"user\": {\n              \"id\": \"86312f60-9531-11eb-b291-0242ac110003\",\n              \"name\": \"rakesh s\",\n              \"profile_photo_url\": null,\n              \"mobile_country_code\": 65,\n              \"mobile_number\": 213565896,\n              \"email\": \"rakesh@bd.com\",\n              \"is_otp_verified\": \"3\",\n              \"kyc\": null,\n              \"organisation_id\": \"f33ee556-86e6-11eb-9d9d-0242ac110003\",\n              \"id_type\": null,\n              \"zipcode\": null,\n              \"country\": null,\n              \"state\": null,\n              \"city\": null,\n              \"address_1\": null,\n              \"address_2\": null\n            },\n            \"available_balance\": \"0.00\"\n          },\n          {\n            \"id\": \"95b905a0-9781-11eb-a5a4-0242ac110003\",\n            \"user_id\": \"956b8e06-9781-11eb-a2f4-0242ac110003\",\n            \"team_id\": \"f341412a-86e6-11eb-b045-0242ac110003\",\n            \"role\": \"Member\",\n            \"subwallet_id\": \"95b87b30-9781-11eb-a07d-0242ac110003\",\n            \"user\": {\n              \"id\": \"956b8e06-9781-11eb-a2f4-0242ac110003\",\n              \"name\": \"francis F\",\n              \"profile_photo_url\": null,\n              \"mobile_country_code\": 65,\n              \"mobile_number\": 21021546,\n              \"email\": \"francis@bd.com\",\n              \"is_otp_verified\": \"3\",\n              \"kyc\": null,\n              \"organisation_id\": \"f33ee556-86e6-11eb-9d9d-0242ac110003\",\n              \"id_type\": null,\n              \"zipcode\": null,\n              \"country\": null,\n              \"state\": null,\n              \"city\": null,\n              \"address_1\": null,\n              \"address_2\": null\n            },\n            \"available_balance\": \"0.00\"\n          },\n          {\n            \"id\": \"9ad43d02-4168-11ec-aeab-0242ac110003\",\n            \"user_id\": \"182462f5-f2b2-4072-b8a3-3d7e1d1fcd62\",\n            \"team_id\": \"f341412a-86e6-11eb-b045-0242ac110003\",\n            \"role\": \"Member\",\n            \"subwallet_id\": \"9ad40436-4168-11ec-a712-0242ac110003\",\n            \"user\": {\n              \"id\": \"182462f5-f2b2-4072-b8a3-3d7e1d1fcd62\",\n              \"name\": \"Test Automation User hsbe\",\n              \"profile_photo_url\": null,\n              \"mobile_country_code\": 65,\n              \"mobile_number\": 18074584,\n              \"email\": \"test_automation_hsbe64727@bd.com\",\n              \"is_otp_verified\": null,\n              \"kyc\": null,\n              \"organisation_id\": \"f33ee556-86e6-11eb-9d9d-0242ac110003\",\n              \"id_type\": null,\n              \"zipcode\": null,\n              \"country\": null,\n              \"state\": null,\n              \"city\": null,\n              \"address_1\": null,\n              \"address_2\": null\n            },\n            \"available_balance\": \"0.00\"\n          },\n          {\n            \"id\": \"9dc0ee38-96d3-11eb-9712-0242ac110003\",\n            \"user_id\": \"9d7b7ff6-96d3-11eb-881c-0242ac110003\",\n            \"team_id\": \"f341412a-86e6-11eb-b045-0242ac110003\",\n            \"role\": \"Member\",\n            \"subwallet_id\": \"9dc07c46-96d3-11eb-b23c-0242ac110003\",\n            \"user\": {\n              \"id\": \"9d7b7ff6-96d3-11eb-881c-0242ac110003\",\n              \"name\": \"pm f\",\n              \"profile_photo_url\": null,\n              \"mobile_country_code\": 65,\n              \"mobile_number\": 213548596,\n              \"email\": \"pm@bd.com\",\n              \"is_otp_verified\": \"3\",\n              \"kyc\": null,\n              \"organisation_id\": \"f33ee556-86e6-11eb-9d9d-0242ac110003\",\n              \"id_type\": null,\n              \"zipcode\": null,\n              \"country\": null,\n              \"state\": null,\n              \"city\": null,\n              \"address_1\": null,\n              \"address_2\": null\n            },\n            \"available_balance\": \"0.00\"\n          },\n          {\n            \"id\": \"a2d81776-26c4-11ec-a876-0242ac110003\",\n            \"user_id\": \"a28e5af0-26c4-11ec-8fb5-0242ac110003\",\n            \"team_id\": \"f341412a-86e6-11eb-b045-0242ac110003\",\n            \"role\": \"Member\",\n            \"subwallet_id\": \"a2d7d004-26c4-11ec-88bd-0242ac110003\",\n            \"user\": {\n              \"id\": \"a28e5af0-26c4-11ec-8fb5-0242ac110003\",\n              \"name\": \"Test Automation User xpcj\",\n              \"profile_photo_url\": null,\n              \"mobile_country_code\": 65,\n              \"mobile_number\": 18077048,\n              \"email\": \"test_automation_xpcj274161@bd.com\",\n              \"is_otp_verified\": null,\n              \"kyc\": null,\n              \"organisation_id\": \"f33ee556-86e6-11eb-9d9d-0242ac110003\",\n              \"id_type\": null,\n              \"zipcode\": null,\n              \"country\": null,\n              \"state\": null,\n              \"city\": null,\n              \"address_1\": null,\n              \"address_2\": null\n            },\n            \"available_balance\": \"10.00\"\n          },\n          {\n            \"id\": \"a34eb58a-26c8-11ec-a623-0242ac110003\",\n            \"user_id\": \"a2c4baa6-26c8-11ec-b6d9-0242ac110003\",\n            \"team_id\": \"f341412a-86e6-11eb-b045-0242ac110003\",\n            \"role\": \"Member\",\n            \"subwallet_id\": \"a34e451e-26c8-11ec-8ec2-0242ac110003\",\n            \"user\": {\n              \"id\": \"a2c4baa6-26c8-11ec-b6d9-0242ac110003\",\n              \"name\": \"Test Automation User eOYy\",\n              \"profile_photo_url\": null,\n              \"mobile_country_code\": 65,\n              \"mobile_number\": 18079009,\n              \"email\": \"test_automation_eOYy216216@bd.com\",\n              \"is_otp_verified\": null,\n              \"kyc\": null,\n              \"organisation_id\": \"f33ee556-86e6-11eb-9d9d-0242ac110003\",\n              \"id_type\": null,\n              \"zipcode\": null,\n              \"country\": null,\n              \"state\": null,\n              \"city\": null,\n              \"address_1\": null,\n              \"address_2\": null\n            },\n            \"available_balance\": \"0.00\"\n          },\n          {\n            \"id\": \"aac2eb9e-26cb-11ec-b2b2-0242ac110003\",\n            \"user_id\": \"aa28ddb0-26cb-11ec-9c22-0242ac110003\",\n            \"team_id\": \"f341412a-86e6-11eb-b045-0242ac110003\",\n            \"role\": \"Member\",\n            \"subwallet_id\": \"aac2b2aa-26cb-11ec-8529-0242ac110003\",\n            \"user\": {\n              \"id\": \"aa28ddb0-26cb-11ec-9c22-0242ac110003\",\n              \"name\": \"Test Automation User mskx\",\n              \"profile_photo_url\": null,\n              \"mobile_country_code\": 65,\n              \"mobile_number\": 18079311,\n              \"email\": \"test_automation_mskx236537@bd.com\",\n              \"is_otp_verified\": null,\n              \"kyc\": null,\n              \"organisation_id\": \"f33ee556-86e6-11eb-9d9d-0242ac110003\",\n              \"id_type\": null,\n              \"zipcode\": null,\n              \"country\": null,\n              \"state\": null,\n              \"city\": null,\n              \"address_1\": null,\n              \"address_2\": null\n            },\n            \"available_balance\": \"10.00\"\n          },\n          {\n            \"id\": \"ac130c70-86f5-11eb-b689-0242ac110003\",\n            \"user_id\": \"aba4709e-86f5-11eb-83b2-0242ac110003\",\n            \"team_id\": \"f341412a-86e6-11eb-b045-0242ac110003\",\n            \"role\": \"Member\",\n            \"subwallet_id\": \"ac128c64-86f5-11eb-bdbf-0242ac110003\",\n            \"user\": {\n              \"id\": \"aba4709e-86f5-11eb-83b2-0242ac110003\",\n              \"name\": \"Aditi  Upadhyay\",\n              \"profile_photo_url\": null,\n              \"mobile_country_code\": 62,\n              \"mobile_number\": 54545400,\n              \"email\": \"aditi@bd.com\",\n              \"is_otp_verified\": \"1\",\n              \"kyc\": \"2\",\n              \"organisation_id\": \"f33ee556-86e6-11eb-9d9d-0242ac110003\",\n              \"id_type\": \"epfin\",\n              \"zipcode\": \"70000\",\n              \"country\": \"Vietnam\",\n              \"state\": \"Ho minh\",\n              \"city\": \"Ho minh city\",\n              \"address_1\": \"#55\",\n              \"address_2\": \"Jim jsisn\"\n            },\n            \"available_balance\": \"177.00\"\n          },\n          {\n            \"id\": \"b48fa762-26cf-11ec-99e8-0242ac110003\",\n            \"user_id\": \"b4370bfc-26cf-11ec-9979-0242ac110003\",\n            \"team_id\": \"f341412a-86e6-11eb-b045-0242ac110003\",\n            \"role\": \"Member\",\n            \"subwallet_id\": \"b48f693c-26cf-11ec-a069-0242ac110003\",\n            \"user\": {\n              \"id\": \"b4370bfc-26cf-11ec-9979-0242ac110003\",\n              \"name\": \"Test Automation User uyhK\",\n              \"profile_photo_url\": null,\n              \"mobile_country_code\": 65,\n              \"mobile_number\": 18073583,\n              \"email\": \"test_automation_uyhK303388@bd.com\",\n              \"is_otp_verified\": null,\n              \"kyc\": null,\n              \"organisation_id\": \"f33ee556-86e6-11eb-9d9d-0242ac110003\",\n              \"id_type\": null,\n              \"zipcode\": null,\n              \"country\": null,\n              \"state\": null,\n              \"city\": null,\n              \"address_1\": null,\n              \"address_2\": null\n            },\n            \"available_balance\": \"10.00\"\n          },\n          {\n            \"id\": \"b6c2dad8-9780-11eb-bcbc-0242ac110003\",\n            \"user_id\": \"b664649e-9780-11eb-a622-0242ac110003\",\n            \"team_id\": \"f341412a-86e6-11eb-b045-0242ac110003\",\n            \"role\": \"Member\",\n            \"subwallet_id\": \"b6c26760-9780-11eb-acc8-0242ac110003\",\n            \"user\": {\n              \"id\": \"b664649e-9780-11eb-a622-0242ac110003\",\n              \"name\": \"christin v\",\n              \"profile_photo_url\": null,\n              \"mobile_country_code\": 65,\n              \"mobile_number\": 210212032,\n              \"email\": \"christin@bd.com\",\n              \"is_otp_verified\": \"3\",\n              \"kyc\": null,\n              \"organisation_id\": \"f33ee556-86e6-11eb-9d9d-0242ac110003\",\n              \"id_type\": null,\n              \"zipcode\": null,\n              \"country\": null,\n              \"state\": null,\n              \"city\": null,\n              \"address_1\": null,\n              \"address_2\": null\n            },\n            \"available_balance\": \"150.00\"\n          },\n          {\n            \"id\": \"bf5a5e54-9781-11eb-8b65-0242ac110003\",\n            \"user_id\": \"bf0b4210-9781-11eb-a836-0242ac110003\",\n            \"team_id\": \"f341412a-86e6-11eb-b045-0242ac110003\",\n            \"role\": \"Member\",\n            \"subwallet_id\": \"bf59e622-9781-11eb-9994-0242ac110003\",\n            \"user\": {\n              \"id\": \"bf0b4210-9781-11eb-a836-0242ac110003\",\n              \"name\": \"leonardo d\",\n              \"profile_photo_url\": null,\n              \"mobile_country_code\": 65,\n              \"mobile_number\": 21542636,\n              \"email\": \"leonardo@bd.com\",\n              \"is_otp_verified\": \"3\",\n              \"kyc\": null,\n              \"organisation_id\": \"f33ee556-86e6-11eb-9d9d-0242ac110003\",\n              \"id_type\": null,\n              \"zipcode\": null,\n              \"country\": null,\n              \"state\": null,\n              \"city\": null,\n              \"address_1\": null,\n              \"address_2\": null\n            },\n            \"available_balance\": \"1.00\"\n          },\n          {\n            \"id\": \"c6d9e216-96d3-11eb-812d-0242ac110003\",\n            \"user_id\": \"c67c77e8-96d3-11eb-bd87-0242ac110003\",\n            \"team_id\": \"f341412a-86e6-11eb-b045-0242ac110003\",\n            \"role\": \"Member\",\n            \"subwallet_id\": \"c6d96e4e-96d3-11eb-b779-0242ac110003\",\n            \"user\": {\n              \"id\": \"c67c77e8-96d3-11eb-bd87-0242ac110003\",\n              \"name\": \"roshanf f\",\n              \"profile_photo_url\": null,\n              \"mobile_country_code\": 65,\n              \"mobile_number\": 215456865,\n              \"email\": \"roshan@bd.com\",\n              \"is_otp_verified\": \"3\",\n              \"kyc\": null,\n              \"organisation_id\": \"f33ee556-86e6-11eb-9d9d-0242ac110003\",\n              \"id_type\": null,\n              \"zipcode\": null,\n              \"country\": null,\n              \"state\": null,\n              \"city\": null,\n              \"address_1\": null,\n              \"address_2\": null\n            },\n            \"available_balance\": \"0.00\"\n          },\n          {\n            \"id\": \"c7d6f848-960f-11ec-b786-06ae88f8d5c6\",\n            \"user_id\": \"f34e5608-86e6-11eb-bd0a-0242ac110003\",\n            \"team_id\": \"f341412a-86e6-11eb-b045-0242ac110003\",\n            \"role\": \"Member\",\n            \"subwallet_id\": \"c7d6cda0-960f-11ec-a637-06ae88f8d5c6\",\n            \"user\": {\n              \"id\": \"f34e5608-86e6-11eb-bd0a-0242ac110003\",\n              \"name\": \"admin\",\n              \"profile_photo_url\": null,\n              \"mobile_country_code\": null,\n              \"mobile_number\": null,\n              \"email\": \"admin@bd.com\",\n              \"is_otp_verified\": \"3\",\n              \"kyc\": null,\n              \"organisation_id\": \"f33ee556-86e6-11eb-9d9d-0242ac110003\",\n              \"id_type\": null,\n              \"zipcode\": null,\n              \"country\": null,\n              \"state\": null,\n              \"city\": null,\n              \"address_1\": null,\n              \"address_2\": null\n            },\n            \"available_balance\": \"0.00\"\n          },\n          {\n            \"id\": \"cfb8d840-5c14-11ec-8884-0242ac110003\",\n            \"user_id\": \"7ed718a6-b4eb-4c45-9ac4-c8f2cfabcba4\",\n            \"team_id\": \"f341412a-86e6-11eb-b045-0242ac110003\",\n            \"role\": \"Member\",\n            \"subwallet_id\": \"cfb873be-5c14-11ec-b92b-0242ac110003\",\n            \"user\": {\n              \"id\": \"7ed718a6-b4eb-4c45-9ac4-c8f2cfabcba4\",\n              \"name\": \"Test Automation User oNZD\",\n              \"profile_photo_url\": null,\n              \"mobile_country_code\": 65,\n              \"mobile_number\": 18071873,\n              \"email\": \"test_automation_oNZD487524@bd.com\",\n              \"is_otp_verified\": null,\n              \"kyc\": null,\n              \"organisation_id\": \"f33ee556-86e6-11eb-9d9d-0242ac110003\",\n              \"id_type\": null,\n              \"zipcode\": null,\n              \"country\": null,\n              \"state\": null,\n              \"city\": null,\n              \"address_1\": null,\n              \"address_2\": null\n            },\n            \"available_balance\": \"10.00\"\n          },\n          {\n            \"id\": \"d05659f2-96d6-11eb-9a63-0242ac110003\",\n            \"user_id\": \"d000c0d2-96d6-11eb-a8fa-0242ac110003\",\n            \"team_id\": \"f341412a-86e6-11eb-b045-0242ac110003\",\n            \"role\": \"Member\",\n            \"subwallet_id\": \"d055e4c2-96d6-11eb-8af4-0242ac110003\",\n            \"user\": {\n              \"id\": \"d000c0d2-96d6-11eb-a8fa-0242ac110003\",\n              \"name\": \"laurel f\",\n              \"profile_photo_url\": null,\n              \"mobile_country_code\": 65,\n              \"mobile_number\": 8896563163,\n              \"email\": \"laurel@bd.com\",\n              \"is_otp_verified\": \"3\",\n              \"kyc\": null,\n              \"organisation_id\": \"f33ee556-86e6-11eb-9d9d-0242ac110003\",\n              \"id_type\": null,\n              \"zipcode\": null,\n              \"country\": null,\n              \"state\": null,\n              \"city\": null,\n              \"address_1\": null,\n              \"address_2\": null\n            },\n            \"available_balance\": \"0.00\"\n          },\n          {\n            \"id\": \"d1e99938-88b1-11eb-8600-0242ac110003\",\n            \"user_id\": \"d181b912-88b1-11eb-b7ff-0242ac110003\",\n            \"team_id\": \"f341412a-86e6-11eb-b045-0242ac110003\",\n            \"role\": \"Member\",\n            \"subwallet_id\": \"d1e92426-88b1-11eb-b801-0242ac110003\",\n            \"user\": {\n              \"id\": \"d181b912-88b1-11eb-b7ff-0242ac110003\",\n              \"name\": \"def k\",\n              \"profile_photo_url\": null,\n              \"mobile_country_code\": 65,\n              \"mobile_number\": 3214587965,\n              \"email\": \"def@bd.com\",\n              \"is_otp_verified\": \"1\",\n              \"kyc\": \"2\",\n              \"organisation_id\": \"f33ee556-86e6-11eb-9d9d-0242ac110003\",\n              \"id_type\": \"wp\",\n              \"zipcode\": \"21355555\",\n              \"country\": \"Singapore\",\n              \"state\": \"Singapore\",\n              \"city\": \"Singapore\",\n              \"address_1\": \"check address1 for work p\",\n              \"address_2\": \"check address2 for work p\"\n            },\n            \"available_balance\": \"30.00\"\n          },\n          {\n            \"id\": \"d7a47c66-9780-11eb-a844-0242ac110003\",\n            \"user_id\": \"d75512a2-9780-11eb-b52c-0242ac110003\",\n            \"team_id\": \"f341412a-86e6-11eb-b045-0242ac110003\",\n            \"role\": \"Member\",\n            \"subwallet_id\": \"d7a40970-9780-11eb-9d3c-0242ac110003\",\n            \"user\": {\n              \"id\": \"d75512a2-9780-11eb-b52c-0242ac110003\",\n              \"name\": \"lucifer f\",\n              \"profile_photo_url\": null,\n              \"mobile_country_code\": 62,\n              \"mobile_number\": 25124125,\n              \"email\": \"lucifer@bd.com\",\n              \"is_otp_verified\": \"3\",\n              \"kyc\": null,\n              \"organisation_id\": \"f33ee556-86e6-11eb-9d9d-0242ac110003\",\n              \"id_type\": null,\n              \"zipcode\": null,\n              \"country\": null,\n              \"state\": null,\n              \"city\": null,\n              \"address_1\": null,\n              \"address_2\": null\n            },\n            \"available_balance\": \"0.00\"\n          },\n          {\n            \"id\": \"d80c610a-26dc-11ec-b435-0242ac110003\",\n            \"user_id\": \"d7b38b2a-26dc-11ec-b42e-0242ac110003\",\n            \"team_id\": \"f341412a-86e6-11eb-b045-0242ac110003\",\n            \"role\": \"Member\",\n            \"subwallet_id\": \"d80c1efc-26dc-11ec-883f-0242ac110003\",\n            \"user\": {\n              \"id\": \"d7b38b2a-26dc-11ec-b42e-0242ac110003\",\n              \"name\": \"Test Automation User ogob\",\n              \"profile_photo_url\": null,\n              \"mobile_country_code\": 65,\n              \"mobile_number\": 18071354,\n              \"email\": \"test_automation_ogob270206@bd.com\",\n              \"is_otp_verified\": null,\n              \"kyc\": null,\n              \"organisation_id\": \"f33ee556-86e6-11eb-9d9d-0242ac110003\",\n              \"id_type\": null,\n              \"zipcode\": null,\n              \"country\": null,\n              \"state\": null,\n              \"city\": null,\n              \"address_1\": null,\n              \"address_2\": null\n            },\n            \"available_balance\": \"10.00\"\n          },\n          {\n            \"id\": \"d8ea417c-26c9-11ec-8def-0242ac110003\",\n            \"user_id\": \"d8a17f82-26c9-11ec-9b94-0242ac110003\",\n            \"team_id\": \"f341412a-86e6-11eb-b045-0242ac110003\",\n            \"role\": \"Member\",\n            \"subwallet_id\": \"d8e9fdb6-26c9-11ec-9235-0242ac110003\",\n            \"user\": {\n              \"id\": \"d8a17f82-26c9-11ec-9b94-0242ac110003\",\n              \"name\": \"Test Automation User fGfu\",\n              \"profile_photo_url\": null,\n              \"mobile_country_code\": 65,\n              \"mobile_number\": 18078344,\n              \"email\": \"test_automation_fGfu290659@bd.com\",\n              \"is_otp_verified\": null,\n              \"kyc\": null,\n              \"organisation_id\": \"f33ee556-86e6-11eb-9d9d-0242ac110003\",\n              \"id_type\": null,\n              \"zipcode\": null,\n              \"country\": null,\n              \"state\": null,\n              \"city\": null,\n              \"address_1\": null,\n              \"address_2\": null\n            },\n            \"available_balance\": \"0.00\"\n          },\n          {\n            \"id\": \"e0217584-6de4-11ec-8dfe-0242ac110003\",\n            \"user_id\": \"9992c93a-4cc6-4969-91a6-6f9783db131f\",\n            \"team_id\": \"f341412a-86e6-11eb-b045-0242ac110003\",\n            \"role\": \"Member\",\n            \"subwallet_id\": \"e0212bce-6de4-11ec-8b7d-0242ac110003\",\n            \"user\": {\n              \"id\": \"9992c93a-4cc6-4969-91a6-6f9783db131f\",\n              \"name\": \"dean martin\",\n              \"profile_photo_url\": null,\n              \"mobile_country_code\": 62,\n              \"mobile_number\": 234567893131,\n              \"email\": \"dean@bd.com\",\n              \"is_otp_verified\": null,\n              \"kyc\": null,\n              \"organisation_id\": \"f33ee556-86e6-11eb-9d9d-0242ac110003\",\n              \"id_type\": null,\n              \"zipcode\": null,\n              \"country\": null,\n              \"state\": null,\n              \"city\": null,\n              \"address_1\": null,\n              \"address_2\": null\n            },\n            \"available_balance\": \"0.00\"\n          },\n          {\n            \"id\": \"e4b12844-96d3-11eb-8129-0242ac110003\",\n            \"user_id\": \"e460d858-96d3-11eb-96f7-0242ac110003\",\n            \"team_id\": \"f341412a-86e6-11eb-b045-0242ac110003\",\n            \"role\": \"Member\",\n            \"subwallet_id\": \"e4b0b486-96d3-11eb-b0bf-0242ac110003\",\n            \"user\": {\n              \"id\": \"e460d858-96d3-11eb-96f7-0242ac110003\",\n              \"name\": \"aisha dev d\",\n              \"profile_photo_url\": null,\n              \"mobile_country_code\": 65,\n              \"mobile_number\": 2135415215,\n              \"email\": \"aisha@bd.com\",\n              \"is_otp_verified\": \"1\",\n              \"kyc\": null,\n              \"organisation_id\": \"f33ee556-86e6-11eb-9d9d-0242ac110003\",\n              \"id_type\": \"wp\",\n              \"zipcode\": \"456677\",\n              \"country\": \"Indonesia\",\n              \"state\": \"Indonesia\",\n              \"city\": \"Jakarta\",\n              \"address_1\": \"#t444/466\",\n              \"address_2\": \"Cho I fit tu khb\"\n            },\n            \"available_balance\": \"346.00\"\n          },\n          {\n            \"id\": \"e83ac244-1d20-11ec-bd1e-0242ac110002\",\n            \"user_id\": \"e7c1acc4-1d20-11ec-8275-0242ac110002\",\n            \"team_id\": \"f341412a-86e6-11eb-b045-0242ac110003\",\n            \"role\": \"Member\",\n            \"subwallet_id\": \"e83a7c94-1d20-11ec-9094-0242ac110002\",\n            \"user\": {\n              \"id\": \"e7c1acc4-1d20-11ec-8275-0242ac110002\",\n              \"name\": \"Sam Kwong\",\n              \"profile_photo_url\": null,\n              \"mobile_country_code\": 65,\n              \"mobile_number\": 82570360,\n              \"email\": \"samkwong@gmail.com\",\n              \"is_otp_verified\": null,\n              \"kyc\": null,\n              \"organisation_id\": \"f33ee556-86e6-11eb-9d9d-0242ac110003\",\n              \"id_type\": null,\n              \"zipcode\": null,\n              \"country\": null,\n              \"state\": null,\n              \"city\": null,\n              \"address_1\": null,\n              \"address_2\": null\n            },\n            \"available_balance\": \"20.00\"\n          },\n          {\n            \"id\": \"e89347e0-408c-11ec-bdb2-0242ac110004\",\n            \"user_id\": \"19e404c6-e767-4aa1-83b1-faf6d1c15220\",\n            \"team_id\": \"f341412a-86e6-11eb-b045-0242ac110003\",\n            \"role\": \"Member\",\n            \"subwallet_id\": \"e8930604-408c-11ec-81d9-0242ac110004\",\n            \"user\": {\n              \"id\": \"19e404c6-e767-4aa1-83b1-faf6d1c15220\",\n              \"name\": \"eppa Lo\",\n              \"profile_photo_url\": null,\n              \"mobile_country_code\": 65,\n              \"mobile_number\": 108109877,\n              \"email\": \"eppa@bd.com\",\n              \"is_otp_verified\": null,\n              \"kyc\": null,\n              \"organisation_id\": \"f33ee556-86e6-11eb-9d9d-0242ac110003\",\n              \"id_type\": null,\n              \"zipcode\": null,\n              \"country\": null,\n              \"state\": null,\n              \"city\": null,\n              \"address_1\": null,\n              \"address_2\": null\n            },\n            \"available_balance\": \"1.00\"\n          },\n          {\n            \"id\": \"ec7650b2-2757-11ec-ba54-0242ac110003\",\n            \"user_id\": \"ec10a23a-2757-11ec-86a9-0242ac110003\",\n            \"team_id\": \"f341412a-86e6-11eb-b045-0242ac110003\",\n            \"role\": \"Member\",\n            \"subwallet_id\": \"ec75fe82-2757-11ec-b7e2-0242ac110003\",\n            \"user\": {\n              \"id\": \"ec10a23a-2757-11ec-86a9-0242ac110003\",\n              \"name\": \"Test Automation User cCXz\",\n              \"profile_photo_url\": null,\n              \"mobile_country_code\": 65,\n              \"mobile_number\": 18071937,\n              \"email\": \"test_automation_cCXz324808@bd.com\",\n              \"is_otp_verified\": null,\n              \"kyc\": null,\n              \"organisation_id\": \"f33ee556-86e6-11eb-9d9d-0242ac110003\",\n              \"id_type\": null,\n              \"zipcode\": null,\n              \"country\": null,\n              \"state\": null,\n              \"city\": null,\n              \"address_1\": null,\n              \"address_2\": null\n            },\n            \"available_balance\": \"128.96\"\n          },\n          {\n            \"id\": \"f4360084-273b-11ec-af0d-0242ac110003\",\n            \"user_id\": \"f3dc566a-273b-11ec-8f9c-0242ac110003\",\n            \"team_id\": \"f341412a-86e6-11eb-b045-0242ac110003\",\n            \"role\": \"Member\",\n            \"subwallet_id\": \"f435c9ac-273b-11ec-955b-0242ac110003\",\n            \"user\": {\n              \"id\": \"f3dc566a-273b-11ec-8f9c-0242ac110003\",\n              \"name\": \"Test Automation User DYDl\",\n              \"profile_photo_url\": null,\n              \"mobile_country_code\": 65,\n              \"mobile_number\": 18074882,\n              \"email\": \"test_automation_DYDl326145@bd.com\",\n              \"is_otp_verified\": null,\n              \"kyc\": null,\n              \"organisation_id\": \"f33ee556-86e6-11eb-9d9d-0242ac110003\",\n              \"id_type\": null,\n              \"zipcode\": null,\n              \"country\": null,\n              \"state\": null,\n              \"city\": null,\n              \"address_1\": null,\n              \"address_2\": null\n            },\n            \"available_balance\": \"12.00\"\n          },\n          {\n            \"id\": \"f6ffdce6-88b1-11eb-9f6b-0242ac110003\",\n            \"user_id\": \"f6a5f474-88b1-11eb-9c29-0242ac110003\",\n            \"team_id\": \"f341412a-86e6-11eb-b045-0242ac110003\",\n            \"role\": \"Member\",\n            \"subwallet_id\": \"f6ff66bc-88b1-11eb-a212-0242ac110003\",\n            \"user\": {\n              \"id\": \"f6a5f474-88b1-11eb-9c29-0242ac110003\",\n              \"name\": \"xyz d\",\n              \"profile_photo_url\": null,\n              \"mobile_country_code\": 65,\n              \"mobile_number\": 21584698,\n              \"email\": \"xyz@bd.com\",\n              \"is_otp_verified\": \"1\",\n              \"kyc\": \"1\",\n              \"organisation_id\": \"f33ee556-86e6-11eb-9d9d-0242ac110003\",\n              \"id_type\": \"epfin\",\n              \"zipcode\": \"253455\",\n              \"country\": \"Singapore\",\n              \"state\": \"Singapore\",\n              \"city\": \"Singapore\",\n              \"address_1\": \"check address1 for empass\",\n              \"address_2\": \"check address2 for emppas\"\n            },\n            \"available_balance\": \"0.00\"\n          },\n          {\n            \"id\": \"ff7d0820-26c8-11ec-9dff-0242ac110003\",\n            \"user_id\": \"ff3e81ea-26c8-11ec-a345-0242ac110003\",\n            \"team_id\": \"f341412a-86e6-11eb-b045-0242ac110003\",\n            \"role\": \"Member\",\n            \"subwallet_id\": \"ff7c5308-26c8-11ec-989d-0242ac110003\",\n            \"user\": {\n              \"id\": \"ff3e81ea-26c8-11ec-a345-0242ac110003\",\n              \"name\": \"Test Automation User imQL\",\n              \"profile_photo_url\": null,\n              \"mobile_country_code\": 65,\n              \"mobile_number\": 18079518,\n              \"email\": \"test_automation_imQL6817@bd.com\",\n              \"is_otp_verified\": null,\n              \"kyc\": null,\n              \"organisation_id\": \"f33ee556-86e6-11eb-9d9d-0242ac110003\",\n              \"id_type\": null,\n              \"zipcode\": null,\n              \"country\": null,\n              \"state\": null,\n              \"city\": null,\n              \"address_1\": null,\n              \"address_2\": null\n            },\n            \"available_balance\": \"0.00\"\n          }\n        ],\n        \"currency_code\": \"SGD\",\n        \"spending_limits\": {\n          \"daily_limit\": 29\n        },\n        \"alotted_amount\": 4349.96,\n        \"company_role\": \"Admin\",\n        \"your_membership\": \"Member\",\n        \"your_role\": \"Admin\",\n        \"your_membership_details\": {\n          \"user_wallet\": {\n            \"id\": \"c7d6cda0-960f-11ec-a637-06ae88f8d5c6\",\n            \"withholding_balance\": \"0.00\",\n            \"currency_id\": 1,\n            \"available_balance\": \"0.00\",\n            \"wallet_type\": \"User\",\n            \"created_at\": \"2022-02-25 07:51:46\",\n            \"updated_at\": \"2022-02-25 07:51:46\",\n            \"deleted_at\": null,\n            \"organisation_id\": \"f33ee556-86e6-11eb-9d9d-0242ac110003\",\n            \"currency_code\": \"SGD\"\n          },\n          \"user_cards\": [],\n          \"counts\": {\n            \"total_members\": 62,\n            \"pending_approval_count\": 28\n          }\n        }\n      },\n      \"status_message\": \"OK\"\n    },\n    \"status\": 200\n  }\n}",
              "code": "console.log(\"check access token :\" + ACESS_TOKEN_USER_1_EMAIL_ID)\n        headers = {\n            \"authorization\": \"Bearer \" + ACESS_TOKEN_USER_1_EMAIL_ID,\n            \"access\": \"application/json\",\n            \"origin\": \"https://dashboard.spenmo-staging.com\",\n            \"referer\": \"https://dashboard.spenmo-staging.com/\",\n            \"authority\": \"api.spenmo-staging.com\"\n        }\n        const response = await request.get(\"/org/f33ee556-86e6-11eb-9d9d-0242ac110003/team/f341412a-86e6-11eb-b045-0242ac110003\")\n            .set(headers)\n        WALLET_AMOUNT = response.body.payload.team.wallet_amount\n        console.log(\"Response for Sender  balance : \" + JSON.stringify(response))\n        console.log(\"Wallet Amount  is : \" + WALLET_AMOUNT)\n        addContext(this, { title: 'Response for Sender  balance ', value: response.body })",
              "err": {},
              "uuid": "50e65caf-1bd3-48ce-a836-82f006e97df5",
              "parentUUID": "2debf211-2123-4311-9619-54a458dbf53f",
              "isHook": false,
              "skipped": false
            },
            {
              "title": "Login with Receiver Credential",
              "fullTitle": "Validate Money Trasfer Login with Receiver Credential",
              "timedOut": false,
              "duration": 669,
              "state": "passed",
              "speed": "slow",
              "pass": true,
              "fail": false,
              "pending": false,
              "context": "{\n  \"title\": \"Response\",\n  \"value\": {\n    \"payload\": {\n      \"access_token\": \"eyJ0eXAiOiJKV1QiLCJhbGciOiJSUzI1NiIsImp0aSI6IjViMjUwMDZjODhlZTEwNDRkN2U1Y2RmODIwMmNlN2M1NDhjZDljM2U3MDU2YzdkMzQ5MTlkODAxNjhiOThjMTYwZDliNTg5OTIwNzc1NzA5In0.eyJhdWQiOiIxIiwianRpIjoiNWIyNTAwNmM4OGVlMTA0NGQ3ZTVjZGY4MjAyY2U3YzU0OGNkOWMzZTcwNTZjN2QzNDkxOWQ4MDE2OGI5OGMxNjBkOWI1ODk5MjA3NzU3MDkiLCJpYXQiOjE2NDU3ODk5MTQsIm5iZiI6MTY0NTc4OTkxNCwiZXhwIjoxNjc3MzI1OTE0LCJzdWIiOiJlNDYwZDg1OC05NmQzLTExZWItOTZmNy0wMjQyYWMxMTAwMDMiLCJzY29wZXMiOltdfQ.QJQ3yJs7YxWd2Tbfd_vlzH7zp55NCMfG6UzIDHjZRvbkV3iFlz1bujgQBCcSi1-sz-0t2XfxDHZo7xbC1FUEAsObkU-jkH3TQsfHEF68L6c7d2j8pziThKpg0ISTmjOZog1onBoNDD2_JY96I_eb8kZGIJ9hLbXJxtT1L7lZ6asXkzzrZw253IzJWmae4xG9GFliWR18GWWQKBNMM6W_YP73Z60DKfuKR-Xh82-jUJYBcA0M6FQQ1F455ovKm3gGXcfYhEsGiD5xRYfJ5Ov8V-z6lgJ9bx87ZdmnP7Dzay0p1ewedb1D5QEJzO3Froe9B4q-EDZ5Wx6PhTxrUFosNWWUEMf9iqjNQcL2wicJEQwq61Fo-2PK3N6qxXATGFk-uRDLuHBi1Jk1biVsOWSc_pdnF3WmlGfxY5k0vm5dy3pLqiUdLSgUf2NaRW4h15wov_Z_zS8GIKg4GvV1JHraW1fXHATcN-D0UgXFQcnTIXT8SqlMYHaE9_3HiBP4VqoTknYv0KZE9rvphKRuVaHA12YJoY2NRf4VIpKxwvjg8q5CP2Rn2xw43xETVKI4xTexlLUM8yxTSCPFHAc0iELTtJI0PTnqdaRDJQHeCWcko4UZt-nxEgabJxP-1yavte_d6tWrMIplVb50z4IAn8q2U9t95oYSInWwVm5drufUcVY\",\n      \"org_id\": \"f33ee556-86e6-11eb-9d9d-0242ac110003\",\n      \"user_id\": \"e460d858-96d3-11eb-96f7-0242ac110003\",\n      \"request_at\": \"2022-02-25T11:51:55.015972Z\",\n      \"expires_at\": \"2022-02-25 12:21:55\",\n      \"status_message\": \"token generated successfully\"\n    },\n    \"status\": 200\n  }\n}",
              "code": "const formData = {\n            \"email\": credentials.USER_2_EMAIL_ID,\n            \"password\": credentials.USER_2_PASSWORD,\n            \"device\": \"portal\"\n        }\n        const response = await request.post(config.LOGIN_URI)\n            .type('form-data')\n            .send(formData);\n        expect(response.status).to.eql(200);\n        ACESS_TOKEN_USER_2_EMAIL_ID = response.body.payload.access_token\n        console.log(\"access token found  : \" + ACESS_TOKEN_USER_2_EMAIL_ID)\n        console.log(\"response : \" + JSON.stringify(response.body))\n        addContext(this, { title: 'Response', value: response.body })",
              "err": {},
              "uuid": "3d01a047-820f-42cf-9b47-3381400b674d",
              "parentUUID": "2debf211-2123-4311-9619-54a458dbf53f",
              "isHook": false,
              "skipped": false
            },
            {
              "title": "Get Receiver Balance",
              "fullTitle": "Validate Money Trasfer Get Receiver Balance",
              "timedOut": false,
              "duration": 859,
              "state": "passed",
              "speed": "slow",
              "pass": true,
              "fail": false,
              "pending": false,
[...]
-11eb-bd0a-0242ac110003\",\n              \"name\": \"admin\",\n              \"profile_photo_url\": null,\n              \"mobile_country_code\": null,\n              \"mobile_number\": null,\n              \"email\": \"admin@bd.com\",\n              \"is_otp_verified\": \"3\",\n              \"kyc\": null,\n              \"organisation_id\": \"f33ee556-86e6-11eb-9d9d-0242ac110003\",\n              \"id_type\": null,\n              \"zipcode\": null,\n              \"country\": null,\n              \"state\": null,\n              \"city\": null,\n              \"address_1\": null,\n              \"address_2\": null\n            },\n            \"available_balance\": null\n          },\n          {\n            \"id\": \"cfb8d840-5c14-11ec-8884-0242ac110003\",\n            \"user_id\": \"7ed718a6-b4eb-4c45-9ac4-c8f2cfabcba4\",\n            \"team_id\": \"f341412a-86e6-11eb-b045-0242ac110003\",\n            \"role\": \"Member\",\n            \"subwallet_id\": \"cfb873be-5c14-11ec-b92b-0242ac110003\",\n            \"user\": {\n              \"id\": \"7ed718a6-b4eb-4c45-9ac4-c8f2cfabcba4\",\n              \"name\": \"Test Automation User oNZD\",\n              \"profile_photo_url\": null,\n              \"mobile_country_code\": 65,\n              \"mobile_number\": 18071873,\n              \"email\": \"test_automation_oNZD487524@bd.com\",\n              \"is_otp_verified\": null,\n              \"kyc\": null,\n              \"organisation_id\": \"f33ee556-86e6-11eb-9d9d-0242ac110003\",\n              \"id_type\": null,\n              \"zipcode\": null,\n              \"country\": null,\n              \"state\": null,\n              \"city\": null,\n              \"address_1\": null,\n              \"address_2\": null\n            },\n            \"available_balance\": null\n          },\n          {\n            \"id\": \"d05659f2-96d6-11eb-9a63-0242ac110003\",\n            \"user_id\": \"d000c0d2-96d6-11eb-a8fa-0242ac110003\",\n            \"team_id\": \"f341412a-86e6-11eb-b045-0242ac110003\",\n            \"role\": \"Member\",\n            \"subwallet_id\": \"d055e4c2-96d6-11eb-8af4-0242ac110003\",\n            \"user\": {\n              \"id\": \"d000c0d2-96d6-11eb-a8fa-0242ac110003\",\n              \"name\": \"laurel f\",\n              \"profile_photo_url\": null,\n              \"mobile_country_code\": 65,\n              \"mobile_number\": 8896563163,\n              \"email\": \"laurel@bd.com\",\n              \"is_otp_verified\": \"3\",\n              \"kyc\": null,\n              \"organisation_id\": \"f33ee556-86e6-11eb-9d9d-0242ac110003\",\n              \"id_type\": null,\n              \"zipcode\": null,\n              \"country\": null,\n              \"state\": null,\n              \"city\": null,\n              \"address_1\": null,\n              \"address_2\": null\n            },\n            \"available_balance\": null\n          },\n          {\n            \"id\": \"d1e99938-88b1-11eb-8600-0242ac110003\",\n            \"user_id\": \"d181b912-88b1-11eb-b7ff-0242ac110003\",\n            \"team_id\": \"f341412a-86e6-11eb-b045-0242ac110003\",\n            \"role\": \"Member\",\n            \"subwallet_id\": \"d1e92426-88b1-11eb-b801-0242ac110003\",\n            \"user\": {\n              \"id\": \"d181b912-88b1-11eb-b7ff-0242ac110003\",\n              \"name\": \"def k\",\n              \"profile_photo_url\": null,\n              \"mobile_country_code\": 65,\n              \"mobile_number\": 3214587965,\n              \"email\": \"def@bd.com\",\n              \"is_otp_verified\": \"1\",\n              \"kyc\": \"2\",\n              \"organisation_id\": \"f33ee556-86e6-11eb-9d9d-0242ac110003\",\n              \"id_type\": \"wp\",\n              \"zipcode\": \"21355555\",\n              \"country\": \"Singapore\",\n              \"state\": \"Singapore\",\n              \"city\": \"Singapore\",\n              \"address_1\": \"check address1 for work p\",\n              \"address_2\": \"check address2 for work p\"\n            },\n            \"available_balance\": null\n          },\n          {\n            \"id\": \"d7a47c66-9780-11eb-a844-0242ac110003\",\n            \"user_id\": \"d75512a2-9780-11eb-b52c-0242ac110003\",\n            \"team_id\": \"f341412a-86e6-11eb-b045-0242ac110003\",\n            \"role\": \"Member\",\n            \"subwallet_id\": \"d7a40970-9780-11eb-9d3c-0242ac110003\",\n            \"user\": {\n              \"id\": \"d75512a2-9780-11eb-b52c-0242ac110003\",\n              \"name\": \"lucifer f\",\n              \"profile_photo_url\": null,\n              \"mobile_country_code\": 62,\n              \"mobile_number\": 25124125,\n              \"email\": \"lucifer@bd.com\",\n              \"is_otp_verified\": \"3\",\n              \"kyc\": null,\n              \"organisation_id\": \"f33ee556-86e6-11eb-9d9d-0242ac110003\",\n              \"id_type\": null,\n              \"zipcode\": null,\n              \"country\": null,\n              \"state\": null,\n              \"city\": null,\n              \"address_1\": null,\n              \"address_2\": null\n            },\n            \"available_balance\": null\n          },\n          {\n            \"id\": \"d80c610a-26dc-11ec-b435-0242ac110003\",\n            \"user_id\": \"d7b38b2a-26dc-11ec-b42e-0242ac110003\",\n            \"team_id\": \"f341412a-86e6-11eb-b045-0242ac110003\",\n            \"role\": \"Member\",\n            \"subwallet_id\": \"d80c1efc-26dc-11ec-883f-0242ac110003\",\n            \"user\": {\n              \"id\": \"d7b38b2a-26dc-11ec-b42e-0242ac110003\",\n              \"name\": \"Test Automation User ogob\",\n              \"profile_photo_url\": null,\n              \"mobile_country_code\": 65,\n              \"mobile_number\": 18071354,\n              \"email\": \"test_automation_ogob270206@bd.com\",\n              \"is_otp_verified\": null,\n              \"kyc\": null,\n              \"organisation_id\": \"f33ee556-86e6-11eb-9d9d-0242ac110003\",\n              \"id_type\": null,\n              \"zipcode\": null,\n              \"country\": null,\n              \"state\": null,\n              \"city\": null,\n              \"address_1\": null,\n              \"address_2\": null\n            },\n            \"available_balance\": null\n          },\n          {\n            \"id\": \"d8ea417c-26c9-11ec-8def-0242ac110003\",\n            \"user_id\": \"d8a17f82-26c9-11ec-9b94-0242ac110003\",\n            \"team_id\": \"f341412a-86e6-11eb-b045-0242ac110003\",\n            \"role\": \"Member\",\n            \"subwallet_id\": \"d8e9fdb6-26c9-11ec-9235-0242ac110003\",\n            \"user\": {\n              \"id\": \"d8a17f82-26c9-11ec-9b94-0242ac110003\",\n              \"name\": \"Test Automation User fGfu\",\n              \"profile_photo_url\": null,\n              \"mobile_country_code\": 65,\n              \"mobile_number\": 18078344,\n              \"email\": \"test_automation_fGfu290659@bd.com\",\n              \"is_otp_verified\": null,\n              \"kyc\": null,\n              \"organisation_id\": \"f33ee556-86e6-11eb-9d9d-0242ac110003\",\n              \"id_type\": null,\n              \"zipcode\": null,\n              \"country\": null,\n              \"state\": null,\n              \"city\": null,\n              \"address_1\": null,\n              \"address_2\": null\n            },\n            \"available_balance\": null\n          },\n          {\n            \"id\": \"e0217584-6de4-11ec-8dfe-0242ac110003\",\n            \"user_id\": \"9992c93a-4cc6-4969-91a6-6f9783db131f\",\n            \"team_id\": \"f341412a-86e6-11eb-b045-0242ac110003\",\n            \"role\": \"Member\",\n            \"subwallet_id\": \"e0212bce-6de4-11ec-8b7d-0242ac110003\",\n            \"user\": {\n              \"id\": \"9992c93a-4cc6-4969-91a6-6f9783db131f\",\n              \"name\": \"dean martin\",\n              \"profile_photo_url\": null,\n              \"mobile_country_code\": 62,\n              \"mobile_number\": 234567893131,\n              \"email\": \"dean@bd.com\",\n              \"is_otp_verified\": null,\n              \"kyc\": null,\n              \"organisation_id\": \"f33ee556-86e6-11eb-9d9d-0242ac110003\",\n              \"id_type\": null,\n              \"zipcode\": null,\n              \"country\": null,\n              \"state\": null,\n              \"city\": null,\n              \"address_1\": null,\n              \"address_2\": null\n            },\n            \"available_balance\": null\n          },\n          {\n            \"id\": \"e4b12844-96d3-11eb-8129-0242ac110003\",\n            \"user_id\": \"e460d858-96d3-11eb-96f7-0242ac110003\",\n            \"team_id\": \"f341412a-86e6-11eb-b045-0242ac110003\",\n            \"role\": \"Member\",\n            \"subwallet_id\": \"e4b0b486-96d3-11eb-b0bf-0242ac110003\",\n            \"user\": {\n              \"id\": \"e460d858-96d3-11eb-96f7-0242ac110003\",\n              \"name\": \"aisha dev d\",\n              \"profile_photo_url\": null,\n              \"mobile_country_code\": 65,\n              \"mobile_number\": 2135415215,\n              \"email\": \"aisha@bd.com\",\n              \"is_otp_verified\": \"1\",\n              \"kyc\": null,\n              \"organisation_id\": \"f33ee556-86e6-11eb-9d9d-0242ac110003\",\n              \"id_type\": \"wp\",\n              \"zipcode\": \"456677\",\n              \"country\": \"Indonesia\",\n              \"state\": \"Indonesia\",\n              \"city\": \"Jakarta\",\n              \"address_1\": \"#t444/466\",\n              \"address_2\": \"Cho I fit tu khb\"\n            },\n            \"available_balance\": null\n          },\n          {\n            \"id\": \"e83ac244-1d20-11ec-bd1e-0242ac110002\",\n            \"user_id\": \"e7c1acc4-1d20-11ec-8275-0242ac110002\",\n            \"team_id\": \"f341412a-86e6-11eb-b045-0242ac110003\",\n            \"role\": \"Member\",\n            \"subwallet_id\": \"e83a7c94-1d20-11ec-9094-0242ac110002\",\n            \"user\": {\n              \"id\": \"e7c1acc4-1d20-11ec-8275-0242ac110002\",\n              \"name\": \"Sam Kwong\",\n              \"profile_photo_url\": null,\n              \"mobile_country_code\": 65,\n              \"mobile_number\": 82570360,\n              \"email\": \"samkwong@gmail.com\",\n              \"is_otp_verified\": null,\n              \"kyc\": null,\n              \"organisation_id\": \"f33ee556-86e6-11eb-9d9d-0242ac110003\",\n              \"id_type\": null,\n              \"zipcode\": null,\n              \"country\": null,\n              \"state\": null,\n              \"city\": null,\n              \"address_1\": null,\n              \"address_2\": null\n            },\n            \"available_balance\": null\n          },\n          {\n            \"id\": \"e89347e0-408c-11ec-bdb2-0242ac110004\",\n            \"user_id\": \"19e404c6-e767-4aa1-83b1-faf6d1c15220\",\n            \"team_id\": \"f341412a-86e6-11eb-b045-0242ac110003\",\n            \"role\": \"Member\",\n            \"subwallet_id\": \"e8930604-408c-11ec-81d9-0242ac110004\",\n            \"user\": {\n              \"id\": \"19e404c6-e767-4aa1-83b1-faf6d1c15220\",\n              \"name\": \"eppa Lo\",\n              \"profile_photo_url\": null,\n              \"mobile_country_code\": 65,\n              \"mobile_number\": 108109877,\n              \"email\": \"eppa@bd.com\",\n              \"is_otp_verified\": null,\n              \"kyc\": null,\n              \"organisation_id\": \"f33ee556-86e6-11eb-9d9d-0242ac110003\",\n              \"id_type\": null,\n              \"zipcode\": null,\n              \"country\": null,\n              \"state\": null,\n              \"city\": null,\n              \"address_1\": null,\n              \"address_2\": null\n            },\n            \"available_balance\": null\n          },\n          {\n            \"id\": \"ec7650b2-2757-11ec-ba54-0242ac110003\",\n            \"user_id\": \"ec10a23a-2757-11ec-86a9-0242ac110003\",\n            \"team_id\": \"f341412a-86e6-11eb-b045-0242ac110003\",\n            \"role\": \"Member\",\n            \"subwallet_id\": \"ec75fe82-2757-11ec-b7e2-0242ac110003\",\n            \"user\": {\n              \"id\": \"ec10a23a-2757-11ec-86a9-0242ac110003\",\n              \"name\": \"Test Automation User cCXz\",\n              \"profile_photo_url\": null,\n              \"mobile_country_code\": 65,\n              \"mobile_number\": 18071937,\n              \"email\": \"test_automation_cCXz324808@bd.com\",\n              \"is_otp_verified\": null,\n              \"kyc\": null,\n              \"organisation_id\": \"f33ee556-86e6-11eb-9d9d-0242ac110003\",\n              \"id_type\": null,\n              \"zipcode\": null,\n              \"country\": null,\n              \"state\": null,\n              \"city\": null,\n              \"address_1\": null,\n              \"address_2\": null\n            },\n            \"available_balance\": null\n          },\n          {\n            \"id\": \"f4360084-273b-11ec-af0d-0242ac110003\",\n            \"user_id\": \"f3dc566a-273b-11ec-8f9c-0242ac110003\",\n            \"team_id\": \"f341412a-86e6-11eb-b045-0242ac110003\",\n            \"role\": \"Member\",\n            \"subwallet_id\": \"f435c9ac-273b-11ec-955b-0242ac110003\",\n            \"user\": {\n              \"id\": \"f3dc566a-273b-11ec-8f9c-0242ac110003\",\n              \"name\": \"Test Automation User DYDl\",\n              \"profile_photo_url\": null,\n              \"mobile_country_code\": 65,\n              \"mobile_number\": 18074882,\n              \"email\": \"test_automation_DYDl326145@bd.com\",\n              \"is_otp_verified\": null,\n              \"kyc\": null,\n              \"organisation_id\": \"f33ee556-86e6-11eb-9d9d-0242ac110003\",\n              \"id_type\": null,\n              \"zipcode\": null,\n              \"country\": null,\n              \"state\": null,\n              \"city\": null,\n              \"address_1\": null,\n              \"address_2\": null\n            },\n            \"available_balance\": null\n          },\n          {\n            \"id\": \"f6ffdce6-88b1-11eb-9f6b-0242ac110003\",\n            \"user_id\": \"f6a5f474-88b1-11eb-9c29-0242ac110003\",\n            \"team_id\": \"f341412a-86e6-11eb-b045-0242ac110003\",\n            \"role\": \"Member\",\n            \"subwallet_id\": \"f6ff66bc-88b1-11eb-a212-0242ac110003\",\n            \"user\": {\n              \"id\": \"f6a5f474-88b1-11eb-9c29-0242ac110003\",\n              \"name\": \"xyz d\",\n              \"profile_photo_url\": null,\n              \"mobile_country_code\": 65,\n              \"mobile_number\": 21584698,\n              \"email\": \"xyz@bd.com\",\n              \"is_otp_verified\": \"1\",\n              \"kyc\": \"1\",\n              \"organisation_id\": \"f33ee556-86e6-11eb-9d9d-0242ac110003\",\n              \"id_type\": \"epfin\",\n              \"zipcode\": \"253455\",\n              \"country\": \"Singapore\",\n              \"state\": \"Singapore\",\n              \"city\": \"Singapore\",\n              \"address_1\": \"check address1 for empass\",\n              \"address_2\": \"check address2 for emppas\"\n            },\n            \"available_balance\": null\n          },\n          {\n            \"id\": \"ff7d0820-26c8-11ec-9dff-0242ac110003\",\n            \"user_id\": \"ff3e81ea-26c8-11ec-a345-0242ac110003\",\n            \"team_id\": \"f341412a-86e6-11eb-b045-0242ac110003\",\n            \"role\": \"Member\",\n            \"subwallet_id\": \"ff7c5308-26c8-11ec-989d-0242ac110003\",\n            \"user\": {\n              \"id\": \"ff3e81ea-26c8-11ec-a345-0242ac110003\",\n              \"name\": \"Test Automation User imQL\",\n              \"profile_photo_url\": null,\n              \"mobile_country_code\": 65,\n              \"mobile_number\": 18079518,\n              \"email\": \"test_automation_imQL6817@bd.com\",\n              \"is_otp_verified\": null,\n              \"kyc\": null,\n              \"organisation_id\": \"f33ee556-86e6-11eb-9d9d-0242ac110003\",\n              \"id_type\": null,\n              \"zipcode\": null,\n              \"country\": null,\n              \"state\": null,\n              \"city\": null,\n              \"address_1\": null,\n              \"address_2\": null\n            },\n            \"available_balance\": null\n          }\n        ],\n        \"currency_code\": \"SGD\",\n        \"spending_limits\": {\n          \"daily_limit\": 29\n        },\n        \"alotted_amount\": 4350.96,\n        \"company_role\": \"Employee\",\n        \"your_membership\": \"Member\",\n        \"your_role\": \"Member\",\n        \"your_membership_details\": {\n          \"user_wallet\": {\n            \"id\": \"e4b0b486-96d3-11eb-b0bf-0242ac110003\",\n            \"withholding_balance\": \"0.00\",\n            \"currency_id\": 1,\n            \"available_balance\": \"347.00\",\n            \"wallet_type\": \"User\",\n            \"created_at\": \"2021-04-06 12:30:38\",\n            \"updated_at\": \"2022-02-25 11:51:56\",\n            \"deleted_at\": null,\n            \"organisation_id\": \"f33ee556-86e6-11eb-9d9d-0242ac110003\",\n            \"currency_code\": \"SGD\"\n          },\n          \"user_cards\": [],\n          \"counts\": {\n            \"pending_approval_count\": 0,\n            \"missing_receipt_count\": 0\n          }\n        }\n      },\n      \"status_message\": \"OK\"\n    },\n    \"status\": 200\n  }\n}",
              "code": "console.log(\"check access token :\" + ACESS_TOKEN_USER_2_EMAIL_ID)\n        headers = {\n            \"authorization\": \"Bearer \" + ACESS_TOKEN_USER_2_EMAIL_ID,\n            \"access\": \"application/json\",\n            \"origin\": \"https://dashboard.spenmo-staging.com\",\n            \"referer\": \"https://dashboard.spenmo-staging.com/\",\n            \"authority\": \"api.spenmo-staging.com\"\n        }\n        const response = await request.get(\"/org/f33ee556-86e6-11eb-9d9d-0242ac110003/team/f341412a-86e6-11eb-b045-0242ac110003\")\n            .set(headers)\n        AVAILABLE_BALANCE_UPDATED = response.body.payload.team.your_membership_details.user_wallet.available_balance\n        expect(parseFloat(AVAILABLE_BALANCE_UPDATED)).to.eql(parseFloat(AMOUNT) + parseFloat(AVAILABLE_BALANCE))\n        console.log(\"Response for Sender  balance : \" + JSON.stringify(response))\n        console.log(\"Updated Available Balance  is : \" + AVAILABLE_BALANCE_UPDATED)\n        addContext(this, { title: 'Response for Sender  balance ', value: response.body })",
              "err": {},
              "uuid": "e0b9f8ee-bd34-4727-b4b2-300020604fb7",
              "parentUUID": "2debf211-2123-4311-9619-54a458dbf53f",
              "isHook": false,
              "skipped": false
            }
          ],
          "suites": [],
          "passes": [
            "f02d274b-ec84-4efa-97bf-b05cf00f4218",
            "50e65caf-1bd3-48ce-a836-82f006e97df5",
            "3d01a047-820f-42cf-9b47-3381400b674d",
            "5111bc93-6357-476d-8080-2ca6215d5196",
            "7cbf9b56-4c8c-4d1c-9cf8-b41c64cead83",
            "db5124a5-190f-4832-9320-0792bc6f9cd1",
            "e0b9f8ee-bd34-4727-b4b2-300020604fb7"
          ],
          "failures": [],
          "pending": [],
          "skipped": [],
          "duration": 49308,
          "root": false,
          "rootEmpty": false,
          "_timeout": 20000
        }
      ],
      "passes": [],
      "failures": [],
      "pending": [],
      "skipped": [],
      "duration": 0,
      "root": true,
      "rootEmpty": true,
      "_timeout": 20000
    }
  ],
  "meta": {
    "mocha": {
      "version": "9.2.1"
    },
    "mochawesome": {
      "options": {
        "quiet": false,
        "reportFilename": "mochawesome",
        "saveHtml": true,
        "saveJson": true,
        "consoleReporter": "spec",
        "useInlineDiffs": false,
        "code": true
      },
      "version": "6.3.1"
    },
    "marge": {
      "options": null,
      "version": "5.2.0"
    }
  }
}